09:31:50.358 [restartedMain] DEBUG c.qlcx.uiApplication - [logStarting,53] - Running with Spring Boot v2.1.1.RELEASE, Spring v5.1.3.RELEASE
09:33:31.209 [http-nio-2000-exec-20] DEBUG c.q.m.C.selectCustomerUserByUserNamePass - [debug,159] - ==>  Preparing: select id, login_name, password, user_name from customer_user where login_name = ? and password = ? 
09:33:31.279 [http-nio-2000-exec-20] DEBUG c.q.m.C.selectCustomerUserByUserNamePass - [debug,159] - ==> Parameters: myle10032001@gmail.com(String), b3c717abdb3f0d140147ddb48a7f3d2c(String)
09:33:31.344 [http-nio-2000-exec-20] DEBUG c.q.m.C.selectCustomerUserByUserNamePass - [debug,159] - <==      Total: 0
09:33:32.965 [http-nio-2000-exec-22] DEBUG c.q.m.C.selectCustomerUserByUserNamePass - [debug,159] - ==>  Preparing: select id, login_name, password, user_name from customer_user where login_name = ? and password = ? 
09:33:32.966 [http-nio-2000-exec-22] DEBUG c.q.m.C.selectCustomerUserByUserNamePass - [debug,159] - ==> Parameters: myle10032001@gmail.com(String), b3c717abdb3f0d140147ddb48a7f3d2c(String)
09:33:32.968 [http-nio-2000-exec-22] DEBUG c.q.m.C.selectCustomerUserByUserNamePass - [debug,159] - <==      Total: 0
09:33:55.121 [http-nio-2000-exec-23] DEBUG c.q.m.C.insertCustomerUser - [debug,159] - ==>  Preparing: insert into customer_user ( login_name, password, user_name ) values ( ?, ?, ? ) 
09:33:55.123 [http-nio-2000-exec-23] DEBUG c.q.m.C.insertCustomerUser - [debug,159] - ==> Parameters: Levana@gmail.com(String), 827ccb0eea8a706c4c34a16891f84e7b(String), Lê Văn A(String)
09:34:13.727 [http-nio-2000-exec-15] DEBUG c.q.m.C.selectCustomerUserByUserNamePass - [debug,159] - ==>  Preparing: select id, login_name, password, user_name from customer_user where login_name = ? and password = ? 
09:34:13.729 [http-nio-2000-exec-15] DEBUG c.q.m.C.selectCustomerUserByUserNamePass - [debug,159] - ==> Parameters: Levana@gmail.com(String), 827ccb0eea8a706c4c34a16891f84e7b(String)
09:34:13.731 [http-nio-2000-exec-15] DEBUG c.q.m.C.selectCustomerUserByUserNamePass - [debug,159] - <==      Total: 0
09:34:17.973 [http-nio-2000-exec-26] DEBUG c.q.m.C.selectCustomerUserByUserNamePass - [debug,159] - ==>  Preparing: select id, login_name, password, user_name from customer_user where login_name = ? and password = ? 
09:34:17.974 [http-nio-2000-exec-26] DEBUG c.q.m.C.selectCustomerUserByUserNamePass - [debug,159] - ==> Parameters: Levana@gmail.com(String), e10adc3949ba59abbe56e057f20f883e(String)
09:34:17.976 [http-nio-2000-exec-26] DEBUG c.q.m.C.selectCustomerUserByUserNamePass - [debug,159] - <==      Total: 0
09:34:52.165 [http-nio-2000-exec-30] DEBUG c.q.m.C.insertCustomerUser - [debug,159] - ==>  Preparing: insert into customer_user ( login_name, password, user_name ) values ( ?, ?, ? ) 
09:34:52.169 [http-nio-2000-exec-30] DEBUG c.q.m.C.insertCustomerUser - [debug,159] - ==> Parameters: levanb@gmail.com(String), 827ccb0eea8a706c4c34a16891f84e7b(String), Lê Văn B(String)
09:34:53.624 [http-nio-2000-exec-25] DEBUG c.q.m.C.insertCustomerUser - [debug,159] - ==>  Preparing: insert into customer_user ( login_name, password, user_name ) values ( ?, ?, ? ) 
09:34:53.627 [http-nio-2000-exec-25] DEBUG c.q.m.C.insertCustomerUser - [debug,159] - ==> Parameters: levanb@gmail.com(String), 827ccb0eea8a706c4c34a16891f84e7b(String), Lê Văn B(String)
09:34:59.030 [http-nio-2000-exec-24] DEBUG c.q.m.C.insertCustomerUser - [debug,159] - ==>  Preparing: insert into customer_user ( login_name, password, user_name ) values ( ?, ?, ? ) 
09:34:59.031 [http-nio-2000-exec-24] DEBUG c.q.m.C.insertCustomerUser - [debug,159] - ==> Parameters: levanb@gmail.com(String), e10adc3949ba59abbe56e057f20f883e(String), Lê Văn B(String)
09:35:12.486 [http-nio-2000-exec-28] DEBUG c.q.m.C.selectCustomerUserByUserNamePass - [debug,159] - ==>  Preparing: select id, login_name, password, user_name from customer_user where login_name = ? and password = ? 
09:35:12.487 [http-nio-2000-exec-28] DEBUG c.q.m.C.selectCustomerUserByUserNamePass - [debug,159] - ==> Parameters: levanb@gmail.com(String), 827ccb0eea8a706c4c34a16891f84e7b(String)
09:35:12.488 [http-nio-2000-exec-28] DEBUG c.q.m.C.selectCustomerUserByUserNamePass - [debug,159] - <==      Total: 0
09:39:33.267 [restartedMain] DEBUG c.qlcx.uiApplication - [logStarting,53] - Running with Spring Boot v2.1.1.RELEASE, Spring v5.1.3.RELEASE
09:39:48.406 [restartedMain] DEBUG c.qlcx.uiApplication - [logStarting,53] - Running with Spring Boot v2.1.1.RELEASE, Spring v5.1.3.RELEASE
09:40:22.051 [restartedMain] DEBUG c.qlcx.uiApplication - [logStarting,53] - Running with Spring Boot v2.1.1.RELEASE, Spring v5.1.3.RELEASE
09:42:17.823 [restartedMain] DEBUG c.qlcx.uiApplication - [logStarting,53] - Running with Spring Boot v2.1.1.RELEASE, Spring v5.1.3.RELEASE
09:43:01.280 [restartedMain] DEBUG c.qlcx.uiApplication - [logStarting,53] - Running with Spring Boot v2.1.1.RELEASE, Spring v5.1.3.RELEASE
09:43:02.209 [restartedMain] DEBUG c.qlcx.uiApplication - [logStarting,53] - Running with Spring Boot v2.1.1.RELEASE, Spring v5.1.3.RELEASE
09:43:38.503 [restartedMain] DEBUG c.qlcx.uiApplication - [logStarting,53] - Running with Spring Boot v2.1.1.RELEASE, Spring v5.1.3.RELEASE
09:47:52.519 [restartedMain] DEBUG c.qlcx.uiApplication - [logStarting,53] - Running with Spring Boot v2.1.1.RELEASE, Spring v5.1.3.RELEASE
09:51:59.285 [restartedMain] DEBUG c.qlcx.uiApplication - [logStarting,53] - Running with Spring Boot v2.1.1.RELEASE, Spring v5.1.3.RELEASE
09:55:23.517 [restartedMain] DEBUG c.qlcx.uiApplication - [logStarting,53] - Running with Spring Boot v2.1.1.RELEASE, Spring v5.1.3.RELEASE
09:55:43.447 [restartedMain] DEBUG c.qlcx.uiApplication - [logStarting,53] - Running with Spring Boot v2.1.1.RELEASE, Spring v5.1.3.RELEASE
09:56:51.509 [http-nio-2000-exec-1] DEBUG c.q.m.C.selectCustomerUserByUserNamePass - [debug,159] - ==>  Preparing: select id, login_name, password, user_name from customer_user where login_name = ? and password = ? 
09:56:51.554 [http-nio-2000-exec-1] DEBUG c.q.m.C.selectCustomerUserByUserNamePass - [debug,159] - ==> Parameters: myle10032001@gmail.com(String), 827ccb0eea8a706c4c34a16891f84e7b(String)
09:56:51.588 [http-nio-2000-exec-1] DEBUG c.q.m.C.selectCustomerUserByUserNamePass - [debug,159] - <==      Total: 1
10:24:39.267 [restartedMain] DEBUG c.qlcx.uiApplication - [logStarting,53] - Running with Spring Boot v2.1.1.RELEASE, Spring v5.1.3.RELEASE
10:27:38.215 [http-nio-2000-exec-6] DEBUG c.q.m.C.selectCustomerUserByUserNamePass - [debug,159] - ==>  Preparing: select id, login_name, password, user_name from customer_user where login_name = ? and password = ? 
10:27:38.218 [http-nio-2000-exec-6] DEBUG c.q.m.C.selectCustomerUserByUserNamePass - [debug,159] - ==> Parameters: myle10032001@gmail.com(String), b3c717abdb3f0d140147ddb48a7f3d2c(String)
10:27:38.229 [http-nio-2000-exec-6] DEBUG c.q.m.C.selectCustomerUserByUserNamePass - [debug,159] - <==      Total: 0
10:27:40.257 [http-nio-2000-exec-7] DEBUG c.q.m.C.selectCustomerUserByUserNamePass - [debug,159] - ==>  Preparing: select id, login_name, password, user_name from customer_user where login_name = ? and password = ? 
10:27:40.258 [http-nio-2000-exec-7] DEBUG c.q.m.C.selectCustomerUserByUserNamePass - [debug,159] - ==> Parameters: myle10032001@gmail.com(String), b3c717abdb3f0d140147ddb48a7f3d2c(String)
10:27:40.260 [http-nio-2000-exec-7] DEBUG c.q.m.C.selectCustomerUserByUserNamePass - [debug,159] - <==      Total: 0
10:27:41.580 [http-nio-2000-exec-8] DEBUG c.q.m.C.selectCustomerUserByUserNamePass - [debug,159] - ==>  Preparing: select id, login_name, password, user_name from customer_user where login_name = ? and password = ? 
10:27:41.582 [http-nio-2000-exec-8] DEBUG c.q.m.C.selectCustomerUserByUserNamePass - [debug,159] - ==> Parameters: myle10032001@gmail.com(String), b3c717abdb3f0d140147ddb48a7f3d2c(String)
10:27:41.585 [http-nio-2000-exec-8] DEBUG c.q.m.C.selectCustomerUserByUserNamePass - [debug,159] - <==      Total: 0
10:27:41.736 [http-nio-2000-exec-9] DEBUG c.q.m.C.selectCustomerUserByUserNamePass - [debug,159] - ==>  Preparing: select id, login_name, password, user_name from customer_user where login_name = ? and password = ? 
10:27:41.738 [http-nio-2000-exec-9] DEBUG c.q.m.C.selectCustomerUserByUserNamePass - [debug,159] - ==> Parameters: myle10032001@gmail.com(String), b3c717abdb3f0d140147ddb48a7f3d2c(String)
10:27:41.741 [http-nio-2000-exec-9] DEBUG c.q.m.C.selectCustomerUserByUserNamePass - [debug,159] - <==      Total: 0
10:27:41.968 [http-nio-2000-exec-10] DEBUG c.q.m.C.selectCustomerUserByUserNamePass - [debug,159] - ==>  Preparing: select id, login_name, password, user_name from customer_user where login_name = ? and password = ? 
10:27:41.970 [http-nio-2000-exec-10] DEBUG c.q.m.C.selectCustomerUserByUserNamePass - [debug,159] - ==> Parameters: myle10032001@gmail.com(String), b3c717abdb3f0d140147ddb48a7f3d2c(String)
10:27:41.975 [http-nio-2000-exec-10] DEBUG c.q.m.C.selectCustomerUserByUserNamePass - [debug,159] - <==      Total: 0
10:27:51.001 [http-nio-2000-exec-11] DEBUG c.q.m.C.selectCustomerUserByUserNamePass - [debug,159] - ==>  Preparing: select id, login_name, password, user_name from customer_user where login_name = ? and password = ? 
10:27:51.003 [http-nio-2000-exec-11] DEBUG c.q.m.C.selectCustomerUserByUserNamePass - [debug,159] - ==> Parameters: myle10032001@gmail.com(String), 827ccb0eea8a706c4c34a16891f84e7b(String)
10:27:51.006 [http-nio-2000-exec-11] DEBUG c.q.m.C.selectCustomerUserByUserNamePass - [debug,159] - <==      Total: 1
10:30:18.803 [http-nio-2000-exec-5] DEBUG c.q.m.T.selectTreeList - [debug,159] - ==>  Preparing: select id, name, tree_code, size, longitude, latitude, create_by, create_time, update_by, update_time, address,provinces,cities,wards, id_category,(select name from tree_category a2 where a2.id=b1.id_category) name_category, water_the_tree, prune, fertilize, against_tree, clean_the_stump,status_clean_the_stump, status_against_tree, status_fertilize, status_prune, status_water_the_tree,type,status,status_update from tree b1 
10:30:18.804 [http-nio-2000-exec-5] DEBUG c.q.m.T.selectTreeList - [debug,159] - ==> Parameters: 
10:30:18.853 [http-nio-2000-exec-5] DEBUG c.q.m.T.selectTreeList - [debug,159] - <==      Total: 97
