20:24:26.926 [restartedMain] INFO  c.qlcx.uiApplication - [logStarting,50] - Starting uiApplication on DESKTOP-IFEAUMD with PID 28120 (E:\PBL\qlcx-develop\qlcx-ui\target\classes started by OS in E:\PBL\qlcx-develop\qlcx-ui)
20:24:26.985 [restartedMain] INFO  c.qlcx.uiApplication - [logStartupProfileInfo,675] - No active profile set, falling back to default profiles: default
20:24:31.676 [restartedMain] INFO  o.a.c.h.Http11NioProtocol - [log,173] - Initializing ProtocolHandler ["http-nio-2000"]
20:24:31.703 [restartedMain] INFO  o.a.c.c.StandardService - [log,173] - Starting service [Tomcat]
20:24:31.706 [restartedMain] INFO  o.a.c.c.StandardEngine - [log,173] - Starting Servlet Engine: Apache Tomcat/9.0.13
20:24:31.737 [restartedMain] INFO  o.a.c.c.AprLifecycleListener - [log,173] - The APR based Apache Tomcat Native library which allows optimal performance in production environments was not found on the java.library.path: [C:\Users\OS\.p2\pool\plugins\org.eclipse.justj.openjdk.hotspot.jre.full.win32.x86_64_17.0.6.v20230204-1729\jre\bin;C:\Windows\Sun\Java\bin;C:\Windows\system32;C:\Windows;C:/Users/OS/.p2/pool/plugins/org.eclipse.justj.openjdk.hotspot.jre.full.win32.x86_64_17.0.6.v20230204-1729/jre/bin/server;C:/Users/OS/.p2/pool/plugins/org.eclipse.justj.openjdk.hotspot.jre.full.win32.x86_64_17.0.6.v20230204-1729/jre/bin;C:\Windows\system32;C:\Windows;C:\Windows\System32\Wbem;C:\Windows\System32\WindowsPowerShell\v1.0\;C:\Windows\System32\OpenSSH\;C:\Program Files\Git\cmd;C:\Program Files\nodejs\;D:\Maven\apache-maven-3.8.7-bin\apache-maven-3.8.7\bin;D:\Java_JDK\jdk1.8.0_191\jdk1.8.0_191\bin;C:\Users\OS\AppData\Local\Microsoft\WindowsApps;C:\Users\OS\AppData\Roaming\npm;C:\Users\OS\AppData\Local\Programs\Microsoft VS Code\bin;C:\Windows\System32;;.]
20:24:31.996 [restartedMain] INFO  o.a.c.c.C.[.[.[/ui] - [log,173] - Initializing Spring embedded WebApplicationContext
20:24:34.802 [restartedMain] INFO  o.a.c.h.Http11NioProtocol - [log,173] - Starting ProtocolHandler ["http-nio-2000"]
20:24:34.933 [restartedMain] INFO  o.a.t.u.n.NioSelectorPool - [log,173] - Using a shared selector for servlet write/read
20:24:35.022 [restartedMain] INFO  c.qlcx.uiApplication - [logStarted,59] - Started uiApplication in 9.077 seconds (JVM running for 10.577)
21:25:48.311 [restartedMain] INFO  c.qlcx.uiApplication - [logStarting,50] - Starting uiApplication on DESKTOP-IFEAUMD with PID 12024 (E:\PBL\qlcx-develop\qlcx-ui\target\classes started by OS in E:\PBL\qlcx-develop\qlcx-ui)
21:25:48.336 [restartedMain] INFO  c.qlcx.uiApplication - [logStartupProfileInfo,675] - No active profile set, falling back to default profiles: default
21:25:51.387 [restartedMain] INFO  o.a.c.h.Http11NioProtocol - [log,173] - Initializing ProtocolHandler ["http-nio-2000"]
21:25:51.402 [restartedMain] INFO  o.a.c.c.StandardService - [log,173] - Starting service [Tomcat]
21:25:51.403 [restartedMain] INFO  o.a.c.c.StandardEngine - [log,173] - Starting Servlet Engine: Apache Tomcat/9.0.13
21:25:51.417 [restartedMain] INFO  o.a.c.c.AprLifecycleListener - [log,173] - The APR based Apache Tomcat Native library which allows optimal performance in production environments was not found on the java.library.path: [C:\Users\OS\.p2\pool\plugins\org.eclipse.justj.openjdk.hotspot.jre.full.win32.x86_64_17.0.6.v20230204-1729\jre\bin;C:\Windows\Sun\Java\bin;C:\Windows\system32;C:\Windows;C:/Users/OS/.p2/pool/plugins/org.eclipse.justj.openjdk.hotspot.jre.full.win32.x86_64_17.0.6.v20230204-1729/jre/bin/server;C:/Users/OS/.p2/pool/plugins/org.eclipse.justj.openjdk.hotspot.jre.full.win32.x86_64_17.0.6.v20230204-1729/jre/bin;C:\Windows\system32;C:\Windows;C:\Windows\System32\Wbem;C:\Windows\System32\WindowsPowerShell\v1.0\;C:\Windows\System32\OpenSSH\;C:\Program Files\Git\cmd;C:\Program Files\nodejs\;D:\Maven\apache-maven-3.8.7-bin\apache-maven-3.8.7\bin;D:\Java_JDK\jdk1.8.0_191\jdk1.8.0_191\bin;C:\Users\OS\AppData\Local\Microsoft\WindowsApps;C:\Users\OS\AppData\Roaming\npm;C:\Users\OS\AppData\Local\Programs\Microsoft VS Code\bin;C:\Windows\system32;;.]
21:25:54.463 [restartedMain] INFO  o.a.c.c.C.[.[.[/ui] - [log,173] - Initializing Spring embedded WebApplicationContext
21:25:55.586 [restartedMain] INFO  o.a.c.h.Http11NioProtocol - [log,173] - Starting ProtocolHandler ["http-nio-2000"]
21:25:55.666 [restartedMain] INFO  o.a.t.u.n.NioSelectorPool - [log,173] - Using a shared selector for servlet write/read
21:25:55.694 [restartedMain] INFO  c.qlcx.uiApplication - [logStarted,59] - Started uiApplication in 7.892 seconds (JVM running for 8.955)
22:13:19.595 [restartedMain] INFO  c.qlcx.uiApplication - [logStarting,50] - Starting uiApplication on DESKTOP-IFEAUMD with PID 11104 (E:\PBL\qlcx-develop\qlcx-ui\target\classes started by OS in E:\PBL\qlcx-develop\qlcx-ui)
22:13:19.613 [restartedMain] INFO  c.qlcx.uiApplication - [logStartupProfileInfo,675] - No active profile set, falling back to default profiles: default
22:13:21.745 [restartedMain] INFO  o.a.c.h.Http11NioProtocol - [log,173] - Initializing ProtocolHandler ["http-nio-2000"]
22:13:21.763 [restartedMain] INFO  o.a.c.c.StandardService - [log,173] - Starting service [Tomcat]
22:13:21.764 [restartedMain] INFO  o.a.c.c.StandardEngine - [log,173] - Starting Servlet Engine: Apache Tomcat/9.0.13
22:13:21.777 [restartedMain] INFO  o.a.c.c.AprLifecycleListener - [log,173] - The APR based Apache Tomcat Native library which allows optimal performance in production environments was not found on the java.library.path: [C:\Users\OS\.p2\pool\plugins\org.eclipse.justj.openjdk.hotspot.jre.full.win32.x86_64_17.0.6.v20230204-1729\jre\bin;C:\Windows\Sun\Java\bin;C:\Windows\system32;C:\Windows;C:/Users/OS/.p2/pool/plugins/org.eclipse.justj.openjdk.hotspot.jre.full.win32.x86_64_17.0.6.v20230204-1729/jre/bin/server;C:/Users/OS/.p2/pool/plugins/org.eclipse.justj.openjdk.hotspot.jre.full.win32.x86_64_17.0.6.v20230204-1729/jre/bin;C:\Windows\system32;C:\Windows;C:\Windows\System32\Wbem;C:\Windows\System32\WindowsPowerShell\v1.0\;C:\Windows\System32\OpenSSH\;C:\Program Files\Git\cmd;C:\Program Files\nodejs\;D:\Maven\apache-maven-3.8.7-bin\apache-maven-3.8.7\bin;D:\Java_JDK\jdk1.8.0_191\jdk1.8.0_191\bin;C:\Users\OS\AppData\Local\Microsoft\WindowsApps;C:\Users\OS\AppData\Roaming\npm;C:\Users\OS\AppData\Local\Programs\Microsoft VS Code\bin;C:\Windows\system32;;.]
22:13:21.901 [restartedMain] INFO  o.a.c.c.C.[.[.[/ui] - [log,173] - Initializing Spring embedded WebApplicationContext
22:13:23.035 [restartedMain] INFO  o.a.c.h.Http11NioProtocol - [log,173] - Starting ProtocolHandler ["http-nio-2000"]
22:13:23.099 [restartedMain] INFO  o.a.t.u.n.NioSelectorPool - [log,173] - Using a shared selector for servlet write/read
22:13:23.134 [restartedMain] INFO  c.qlcx.uiApplication - [logStarted,59] - Started uiApplication in 4.049 seconds (JVM running for 5.081)
