16:35:11.393 [restartedMain] INFO  c.q.qlcxApplication - [logStarting,50] - Starting qlcxApplication on DESKTOP-IFEAUMD with PID 13220 (E:\PBL\qlcx-develop\qlcx-admin\target\classes started by OS in E:\PBL\qlcx-develop\qlcx-admin)
16:35:11.409 [restartedMain] INFO  c.q.qlcxApplication - [logStartupProfileInfo,679] - The following profiles are active: druid
16:35:15.189 [restartedMain] INFO  o.a.s.c.e.EhCacheManager - [getCache,158] - Cache with name 'com.qlcx.framework.shiro.realm.UserRealm.authorizationCache' does not yet exist.  Creating now.
16:35:15.190 [restartedMain] INFO  o.a.s.c.e.EhCacheManager - [getCache,165] - Added EhCache named [com.qlcx.framework.shiro.realm.UserRealm.authorizationCache]
16:35:16.671 [restartedMain] INFO  o.a.s.c.e.EhCacheManager - [getCache,169] - Using existing EHCache named [loginRecordCache]
16:35:17.092 [restartedMain] INFO  c.a.d.p.DruidDataSource - [init,991] - {dataSource-1} inited
16:35:17.540 [restartedMain] INFO  o.a.s.c.e.EhCacheManager - [getCache,169] - Using existing EHCache named [sys-config]
16:35:17.548 [restartedMain] INFO  o.a.s.c.e.EhCacheManager - [getCache,169] - Using existing EHCache named [sys-config]
16:35:17.549 [restartedMain] INFO  o.a.s.c.e.EhCacheManager - [getCache,169] - Using existing EHCache named [sys-config]
16:35:17.552 [restartedMain] INFO  o.a.s.c.e.EhCacheManager - [getCache,169] - Using existing EHCache named [sys-config]
16:35:17.555 [restartedMain] INFO  o.a.s.c.e.EhCacheManager - [getCache,169] - Using existing EHCache named [sys-config]
16:35:17.557 [restartedMain] INFO  o.a.s.c.e.EhCacheManager - [getCache,169] - Using existing EHCache named [sys-config]
16:35:17.557 [restartedMain] INFO  o.a.s.c.e.EhCacheManager - [getCache,169] - Using existing EHCache named [sys-config]
16:35:17.558 [restartedMain] INFO  o.a.s.c.e.EhCacheManager - [getCache,169] - Using existing EHCache named [sys-config]
16:35:17.887 [restartedMain] INFO  o.a.s.c.e.EhCacheManager - [getCache,169] - Using existing EHCache named [sys-userCache]
16:35:17.888 [restartedMain] INFO  o.a.s.c.e.EhCacheManager - [getCache,169] - Using existing EHCache named [sys-userCache]
16:35:18.727 [restartedMain] INFO  o.a.c.h.Http11NioProtocol - [log,173] - Initializing ProtocolHandler ["http-nio-1005"]
16:35:18.748 [restartedMain] INFO  o.a.c.c.StandardService - [log,173] - Starting service [Tomcat]
16:35:18.749 [restartedMain] INFO  o.a.c.c.StandardEngine - [log,173] - Starting Servlet Engine: Apache Tomcat/9.0.13
16:35:18.769 [restartedMain] INFO  o.a.c.c.AprLifecycleListener - [log,173] - The APR based Apache Tomcat Native library which allows optimal performance in production environments was not found on the java.library.path: [C:\Users\OS\.p2\pool\plugins\org.eclipse.justj.openjdk.hotspot.jre.full.win32.x86_64_17.0.6.v20230204-1729\jre\bin;C:\Windows\Sun\Java\bin;C:\Windows\system32;C:\Windows;C:/Users/OS/.p2/pool/plugins/org.eclipse.justj.openjdk.hotspot.jre.full.win32.x86_64_17.0.6.v20230204-1729/jre/bin/server;C:/Users/OS/.p2/pool/plugins/org.eclipse.justj.openjdk.hotspot.jre.full.win32.x86_64_17.0.6.v20230204-1729/jre/bin;C:\Windows\system32;C:\Windows;C:\Windows\System32\Wbem;C:\Windows\System32\WindowsPowerShell\v1.0\;C:\Windows\System32\OpenSSH\;C:\Program Files\Git\cmd;C:\Program Files\nodejs\;D:\Maven\apache-maven-3.8.7-bin\apache-maven-3.8.7\bin;D:\Java_JDK\jdk1.8.0_191\jdk1.8.0_191\bin;C:\Program Files\dotnet\;C:\Users\OS\AppData\Local\Programs\Python\Python311\Scripts\;C:\Users\OS\AppData\Local\Programs\Python\Python311\;C:\Users\OS\AppData\Local\Microsoft\WindowsApps;C:\Users\OS\AppData\Roaming\npm;C:\Users\OS\AppData\Local\Programs\Microsoft VS Code\bin;C:\Users\OS\AppData\Local\Programs\Python\Python310;;C:\Windows\System32;;.]
16:35:19.017 [restartedMain] INFO  o.a.c.c.C.[.[.[/] - [log,173] - Initializing Spring embedded WebApplicationContext
16:35:19.888 [restartedMain] INFO  o.a.s.c.e.EhCacheManager - [getCache,169] - Using existing EHCache named [sys-dict]
16:35:19.898 [restartedMain] INFO  o.a.s.c.e.EhCacheManager - [getCache,169] - Using existing EHCache named [sys-dict]
16:35:19.907 [restartedMain] INFO  o.a.s.c.e.EhCacheManager - [getCache,169] - Using existing EHCache named [sys-dict]
16:35:19.919 [restartedMain] INFO  o.a.s.c.e.EhCacheManager - [getCache,169] - Using existing EHCache named [sys-dict]
16:35:19.928 [restartedMain] INFO  o.a.s.c.e.EhCacheManager - [getCache,169] - Using existing EHCache named [sys-dict]
16:35:19.937 [restartedMain] INFO  o.a.s.c.e.EhCacheManager - [getCache,169] - Using existing EHCache named [sys-dict]
16:35:19.948 [restartedMain] INFO  o.a.s.c.e.EhCacheManager - [getCache,169] - Using existing EHCache named [sys-dict]
16:35:19.964 [restartedMain] INFO  o.a.s.c.e.EhCacheManager - [getCache,169] - Using existing EHCache named [sys-dict]
16:35:19.981 [restartedMain] INFO  o.a.s.c.e.EhCacheManager - [getCache,169] - Using existing EHCache named [sys-dict]
16:35:19.989 [restartedMain] INFO  o.a.s.c.e.EhCacheManager - [getCache,169] - Using existing EHCache named [sys-dict]
16:35:20.835 [restartedMain] INFO  o.q.i.StdSchedulerFactory - [instantiate,1208] - Using default implementation for ThreadExecutor
16:35:20.869 [restartedMain] INFO  o.q.c.SchedulerSignalerImpl - [<init>,61] - Initialized Scheduler Signaller of type: class org.quartz.core.SchedulerSignalerImpl
16:35:20.869 [restartedMain] INFO  o.q.c.QuartzScheduler - [<init>,229] - Quartz Scheduler v.2.3.0 created.
16:35:20.887 [restartedMain] INFO  o.q.c.QuartzScheduler - [initialize,294] - Scheduler meta-data: Quartz Scheduler (v2.3.0) 'RuoyiScheduler' with instanceId 'DESKTOP-IFEAUMD1687772120841'
  Scheduler class: 'org.quartz.core.QuartzScheduler' - running locally.
  NOT STARTED.
  Currently in standby mode.
  Number of jobs executed: 0
  Using thread pool 'org.quartz.simpl.SimpleThreadPool' - with 20 threads.
  Using job-store 'org.springframework.scheduling.quartz.LocalDataSourceJobStore' - which supports persistence. and is clustered.

16:35:20.888 [restartedMain] INFO  o.q.i.StdSchedulerFactory - [instantiate,1362] - Quartz scheduler 'RuoyiScheduler' initialized from an externally provided properties instance.
16:35:20.888 [restartedMain] INFO  o.q.i.StdSchedulerFactory - [instantiate,1366] - Quartz scheduler version: 2.3.0
16:35:20.894 [restartedMain] INFO  o.q.c.QuartzScheduler - [setJobFactory,2287] - JobFactory set to: org.springframework.scheduling.quartz.AdaptableJobFactory@7711d36c
16:35:23.033 [restartedMain] INFO  s.d.s.w.PropertySourcedRequestMappingHandlerMapping - [initHandlerMethods,69] - Mapped URL path [/v2/api-docs] onto method [public org.springframework.http.ResponseEntity<springfox.documentation.spring.web.json.Json> springfox.documentation.swagger2.web.Swagger2Controller.getDocumentation(java.lang.String,javax.servlet.http.HttpServletRequest)]
16:35:25.020 [restartedMain] INFO  s.d.s.w.p.DocumentationPluginsBootstrapper - [start,160] - Context refreshed
16:35:25.061 [restartedMain] INFO  s.d.s.w.p.DocumentationPluginsBootstrapper - [start,163] - Found 1 custom documentation plugin(s)
16:35:25.214 [restartedMain] INFO  s.d.s.w.s.ApiListingReferenceScanner - [scan,41] - Scanning for api listing references
16:35:25.424 [restartedMain] INFO  o.a.c.h.Http11NioProtocol - [log,173] - Starting ProtocolHandler ["http-nio-1005"]
16:35:25.447 [restartedMain] INFO  o.a.t.u.n.NioSelectorPool - [log,173] - Using a shared selector for servlet write/read
16:35:25.485 [restartedMain] INFO  c.q.qlcxApplication - [logStarted,59] - Started qlcxApplication in 14.717 seconds (JVM running for 15.754)
16:35:26.477 [Quartz Scheduler [RuoyiScheduler]] INFO  o.q.c.QuartzScheduler - [start,547] - Scheduler RuoyiScheduler_$_DESKTOP-IFEAUMD1687772120841 started.
16:36:03.511 [http-nio-1005-exec-1] INFO  o.a.c.c.C.[.[.[/] - [log,173] - Initializing Spring DispatcherServlet 'dispatcherServlet'
16:36:03.597 [http-nio-1005-exec-1] INFO  o.a.s.s.m.AbstractValidatingSessionManager - [enableSessionValidation,233] - Enabling session validation scheduler...
16:36:03.641 [http-nio-1005-exec-1] INFO  o.a.s.c.e.EhCacheManager - [getCache,169] - Using existing EHCache named [shiro-activeSessionCache]
16:36:04.611 [schedule-pool-1] INFO  c.q.f.s.w.s.OnlineWebSessionManager - [validateSessions,99] - invalidation sessions...
16:36:04.856 [schedule-pool-1] INFO  c.q.f.s.w.s.OnlineWebSessionManager - [validateSessions,158] - Finished invalidation session. No sessions were stopped.
16:36:10.589 [schedule-pool-1] INFO  sys-user - [run,111] - [127.0.0.1]Intranet IP[admin][Success][Login successful]
16:36:10.829 [http-nio-1005-exec-27] INFO  o.a.s.c.e.EhCacheManager - [getCache,169] - Using existing EHCache named [sys-config]
16:36:10.834 [http-nio-1005-exec-27] INFO  o.a.s.c.e.EhCacheManager - [getCache,169] - Using existing EHCache named [sys-config]
16:46:04.653 [schedule-pool-3] INFO  c.q.f.s.w.s.OnlineWebSessionManager - [validateSessions,99] - invalidation sessions...
16:46:04.672 [schedule-pool-3] INFO  c.q.f.s.w.s.OnlineWebSessionManager - [validateSessions,158] - Finished invalidation session. No sessions were stopped.
16:56:04.599 [schedule-pool-12] INFO  c.q.f.s.w.s.OnlineWebSessionManager - [validateSessions,99] - invalidation sessions...
16:56:04.605 [schedule-pool-12] INFO  c.q.f.s.w.s.OnlineWebSessionManager - [validateSessions,158] - Finished invalidation session. No sessions were stopped.
17:06:04.599 [schedule-pool-9] INFO  c.q.f.s.w.s.OnlineWebSessionManager - [validateSessions,99] - invalidation sessions...
17:06:04.614 [schedule-pool-9] INFO  c.q.f.s.w.s.OnlineWebSessionManager - [validateSessions,158] - Finished invalidation session. No sessions were stopped.
17:16:04.600 [schedule-pool-10] INFO  c.q.f.s.w.s.OnlineWebSessionManager - [validateSessions,99] - invalidation sessions...
17:16:04.612 [schedule-pool-10] INFO  c.q.f.s.w.s.OnlineWebSessionManager - [validateSessions,158] - Finished invalidation session. No sessions were stopped.
17:24:03.729 [http-nio-1005-exec-17] INFO  o.a.s.c.e.EhCacheManager - [getCache,169] - Using existing EHCache named [sys-config]
17:24:03.729 [http-nio-1005-exec-17] INFO  o.a.s.c.e.EhCacheManager - [getCache,169] - Using existing EHCache named [sys-config]
17:24:50.201 [http-nio-1005-exec-1] INFO  o.a.s.c.e.EhCacheManager - [getCache,169] - Using existing EHCache named [sys-config]
17:24:50.202 [http-nio-1005-exec-1] INFO  o.a.s.c.e.EhCacheManager - [getCache,169] - Using existing EHCache named [sys-config]
17:26:04.600 [schedule-pool-37] INFO  c.q.f.s.w.s.OnlineWebSessionManager - [validateSessions,99] - invalidation sessions...
17:26:04.611 [schedule-pool-37] INFO  c.q.f.s.w.s.OnlineWebSessionManager - [validateSessions,158] - Finished invalidation session. No sessions were stopped.
17:26:23.096 [http-nio-1005-exec-4] INFO  o.a.s.c.e.EhCacheManager - [getCache,169] - Using existing EHCache named [sys-config]
17:26:23.097 [http-nio-1005-exec-4] INFO  o.a.s.c.e.EhCacheManager - [getCache,169] - Using existing EHCache named [sys-config]
17:36:04.599 [schedule-pool-37] INFO  c.q.f.s.w.s.OnlineWebSessionManager - [validateSessions,99] - invalidation sessions...
17:36:04.606 [schedule-pool-37] INFO  c.q.f.s.w.s.OnlineWebSessionManager - [validateSessions,158] - Finished invalidation session. No sessions were stopped.
17:46:04.600 [schedule-pool-37] INFO  c.q.f.s.w.s.OnlineWebSessionManager - [validateSessions,99] - invalidation sessions...
17:46:04.628 [schedule-pool-37] INFO  c.q.f.s.w.s.OnlineWebSessionManager - [validateSessions,158] - Finished invalidation session. No sessions were stopped.
