10:56:13.542 [restartedMain] INFO  c.q.qlcxApplication - [logStarting,50] - Starting qlcxApplication on DESKTOP-IFEAUMD with PID 16300 (E:\PBL\qlcx-develop\qlcx-admin\target\classes started by OS in E:\PBL\qlcx-develop\qlcx-admin)
10:56:13.645 [restartedMain] INFO  c.q.qlcxApplication - [logStartupProfileInfo,679] - The following profiles are active: druid
10:56:20.009 [restartedMain] INFO  o.a.s.c.e.EhCacheManager - [getCache,158] - Cache with name 'com.qlcx.framework.shiro.realm.UserRealm.authorizationCache' does not yet exist.  Creating now.
10:56:20.011 [restartedMain] INFO  o.a.s.c.e.EhCacheManager - [getCache,165] - Added EhCache named [com.qlcx.framework.shiro.realm.UserRealm.authorizationCache]
10:56:21.821 [restartedMain] INFO  o.a.s.c.e.EhCacheManager - [getCache,169] - Using existing EHCache named [loginRecordCache]
10:56:22.209 [restartedMain] INFO  c.a.d.p.DruidDataSource - [init,991] - {dataSource-1} inited
10:56:22.456 [restartedMain] INFO  o.a.s.c.e.EhCacheManager - [getCache,169] - Using existing EHCache named [sys-config]
10:56:22.462 [restartedMain] INFO  o.a.s.c.e.EhCacheManager - [getCache,169] - Using existing EHCache named [sys-config]
10:56:22.463 [restartedMain] INFO  o.a.s.c.e.EhCacheManager - [getCache,169] - Using existing EHCache named [sys-config]
10:56:22.464 [restartedMain] INFO  o.a.s.c.e.EhCacheManager - [getCache,169] - Using existing EHCache named [sys-config]
10:56:22.465 [restartedMain] INFO  o.a.s.c.e.EhCacheManager - [getCache,169] - Using existing EHCache named [sys-config]
10:56:22.466 [restartedMain] INFO  o.a.s.c.e.EhCacheManager - [getCache,169] - Using existing EHCache named [sys-config]
10:56:22.466 [restartedMain] INFO  o.a.s.c.e.EhCacheManager - [getCache,169] - Using existing EHCache named [sys-config]
10:56:22.467 [restartedMain] INFO  o.a.s.c.e.EhCacheManager - [getCache,169] - Using existing EHCache named [sys-config]
10:56:22.716 [restartedMain] INFO  o.a.s.c.e.EhCacheManager - [getCache,169] - Using existing EHCache named [sys-userCache]
10:56:22.718 [restartedMain] INFO  o.a.s.c.e.EhCacheManager - [getCache,169] - Using existing EHCache named [sys-userCache]
10:56:23.418 [restartedMain] INFO  o.a.c.h.Http11NioProtocol - [log,173] - Initializing ProtocolHandler ["http-nio-1005"]
10:56:23.438 [restartedMain] INFO  o.a.c.c.StandardService - [log,173] - Starting service [Tomcat]
10:56:23.438 [restartedMain] INFO  o.a.c.c.StandardEngine - [log,173] - Starting Servlet Engine: Apache Tomcat/9.0.13
10:56:23.456 [restartedMain] INFO  o.a.c.c.AprLifecycleListener - [log,173] - The APR based Apache Tomcat Native library which allows optimal performance in production environments was not found on the java.library.path: [C:\Users\OS\.p2\pool\plugins\org.eclipse.justj.openjdk.hotspot.jre.full.win32.x86_64_17.0.6.v20230204-1729\jre\bin;C:\Windows\Sun\Java\bin;C:\Windows\system32;C:\Windows;C:/Users/OS/.p2/pool/plugins/org.eclipse.justj.openjdk.hotspot.jre.full.win32.x86_64_17.0.6.v20230204-1729/jre/bin/server;C:/Users/OS/.p2/pool/plugins/org.eclipse.justj.openjdk.hotspot.jre.full.win32.x86_64_17.0.6.v20230204-1729/jre/bin;C:\Windows\system32;C:\Windows;C:\Windows\System32\Wbem;C:\Windows\System32\WindowsPowerShell\v1.0\;C:\Windows\System32\OpenSSH\;C:\Program Files\Git\cmd;C:\Program Files\nodejs\;D:\Maven\apache-maven-3.8.7-bin\apache-maven-3.8.7\bin;D:\Java_JDK\jdk1.8.0_191\jdk1.8.0_191\bin;C:\Program Files\dotnet\;C:\Users\OS\AppData\Local\Programs\Python\Python311\Scripts\;C:\Users\OS\AppData\Local\Programs\Python\Python311\;C:\Users\OS\AppData\Local\Microsoft\WindowsApps;C:\Users\OS\AppData\Roaming\npm;C:\Users\OS\AppData\Local\Programs\Microsoft VS Code\bin;C:\Users\OS\AppData\Local\Programs\Python\Python310;;C:\Windows\System32;;.]
10:56:23.663 [restartedMain] INFO  o.a.c.c.C.[.[.[/] - [log,173] - Initializing Spring embedded WebApplicationContext
10:56:24.312 [restartedMain] INFO  o.a.s.c.e.EhCacheManager - [getCache,169] - Using existing EHCache named [sys-dict]
10:56:24.322 [restartedMain] INFO  o.a.s.c.e.EhCacheManager - [getCache,169] - Using existing EHCache named [sys-dict]
10:56:24.329 [restartedMain] INFO  o.a.s.c.e.EhCacheManager - [getCache,169] - Using existing EHCache named [sys-dict]
10:56:24.337 [restartedMain] INFO  o.a.s.c.e.EhCacheManager - [getCache,169] - Using existing EHCache named [sys-dict]
10:56:24.347 [restartedMain] INFO  o.a.s.c.e.EhCacheManager - [getCache,169] - Using existing EHCache named [sys-dict]
10:56:24.357 [restartedMain] INFO  o.a.s.c.e.EhCacheManager - [getCache,169] - Using existing EHCache named [sys-dict]
10:56:24.365 [restartedMain] INFO  o.a.s.c.e.EhCacheManager - [getCache,169] - Using existing EHCache named [sys-dict]
10:56:24.378 [restartedMain] INFO  o.a.s.c.e.EhCacheManager - [getCache,169] - Using existing EHCache named [sys-dict]
10:56:24.388 [restartedMain] INFO  o.a.s.c.e.EhCacheManager - [getCache,169] - Using existing EHCache named [sys-dict]
10:56:24.396 [restartedMain] INFO  o.a.s.c.e.EhCacheManager - [getCache,169] - Using existing EHCache named [sys-dict]
10:56:25.079 [restartedMain] INFO  o.q.i.StdSchedulerFactory - [instantiate,1208] - Using default implementation for ThreadExecutor
10:56:25.109 [restartedMain] INFO  o.q.c.SchedulerSignalerImpl - [<init>,61] - Initialized Scheduler Signaller of type: class org.quartz.core.SchedulerSignalerImpl
10:56:25.109 [restartedMain] INFO  o.q.c.QuartzScheduler - [<init>,229] - Quartz Scheduler v.2.3.0 created.
10:56:25.121 [restartedMain] INFO  o.q.c.QuartzScheduler - [initialize,294] - Scheduler meta-data: Quartz Scheduler (v2.3.0) 'RuoyiScheduler' with instanceId 'DESKTOP-IFEAUMD1687578985083'
  Scheduler class: 'org.quartz.core.QuartzScheduler' - running locally.
  NOT STARTED.
  Currently in standby mode.
  Number of jobs executed: 0
  Using thread pool 'org.quartz.simpl.SimpleThreadPool' - with 20 threads.
  Using job-store 'org.springframework.scheduling.quartz.LocalDataSourceJobStore' - which supports persistence. and is clustered.

10:56:25.121 [restartedMain] INFO  o.q.i.StdSchedulerFactory - [instantiate,1362] - Quartz scheduler 'RuoyiScheduler' initialized from an externally provided properties instance.
10:56:25.121 [restartedMain] INFO  o.q.i.StdSchedulerFactory - [instantiate,1366] - Quartz scheduler version: 2.3.0
10:56:25.125 [restartedMain] INFO  o.q.c.QuartzScheduler - [setJobFactory,2287] - JobFactory set to: org.springframework.scheduling.quartz.AdaptableJobFactory@54da76c7
10:56:26.810 [restartedMain] INFO  s.d.s.w.PropertySourcedRequestMappingHandlerMapping - [initHandlerMethods,69] - Mapped URL path [/v2/api-docs] onto method [public org.springframework.http.ResponseEntity<springfox.documentation.spring.web.json.Json> springfox.documentation.swagger2.web.Swagger2Controller.getDocumentation(java.lang.String,javax.servlet.http.HttpServletRequest)]
10:56:28.338 [restartedMain] INFO  s.d.s.w.p.DocumentationPluginsBootstrapper - [start,160] - Context refreshed
10:56:28.373 [restartedMain] INFO  s.d.s.w.p.DocumentationPluginsBootstrapper - [start,163] - Found 1 custom documentation plugin(s)
10:56:28.522 [restartedMain] INFO  s.d.s.w.s.ApiListingReferenceScanner - [scan,41] - Scanning for api listing references
10:56:28.730 [restartedMain] INFO  o.a.c.h.Http11NioProtocol - [log,173] - Starting ProtocolHandler ["http-nio-1005"]
10:56:28.768 [restartedMain] INFO  o.a.t.u.n.NioSelectorPool - [log,173] - Using a shared selector for servlet write/read
10:56:28.812 [restartedMain] INFO  c.q.qlcxApplication - [logStarted,59] - Started qlcxApplication in 17.386 seconds (JVM running for 19.152)
10:56:29.753 [Quartz Scheduler [RuoyiScheduler]] INFO  o.q.c.QuartzScheduler - [start,547] - Scheduler RuoyiScheduler_$_DESKTOP-IFEAUMD1687578985083 started.
10:57:45.253 [http-nio-1005-exec-1] INFO  o.a.c.c.C.[.[.[/] - [log,173] - Initializing Spring DispatcherServlet 'dispatcherServlet'
10:57:45.343 [http-nio-1005-exec-1] INFO  o.a.s.s.m.AbstractValidatingSessionManager - [enableSessionValidation,233] - Enabling session validation scheduler...
10:57:45.704 [http-nio-1005-exec-1] INFO  o.a.s.c.e.EhCacheManager - [getCache,169] - Using existing EHCache named [shiro-activeSessionCache]
10:57:46.648 [schedule-pool-1] INFO  c.q.f.s.w.s.OnlineWebSessionManager - [validateSessions,99] - invalidation sessions...
10:57:46.970 [schedule-pool-1] INFO  c.q.f.s.w.s.OnlineWebSessionManager - [validateSessions,158] - Finished invalidation session. [1] sessions were stopped.
10:57:48.730 [schedule-pool-1] INFO  sys-user - [run,111] - [127.0.0.1]Intranet IP[admin][Success][Login successful]
10:57:48.863 [http-nio-1005-exec-18] INFO  o.a.s.c.e.EhCacheManager - [getCache,169] - Using existing EHCache named [sys-config]
10:57:48.901 [http-nio-1005-exec-18] INFO  o.a.s.c.e.EhCacheManager - [getCache,169] - Using existing EHCache named [sys-config]
11:07:46.646 [schedule-pool-2] INFO  c.q.f.s.w.s.OnlineWebSessionManager - [validateSessions,99] - invalidation sessions...
11:07:46.655 [schedule-pool-2] INFO  c.q.f.s.w.s.OnlineWebSessionManager - [validateSessions,158] - Finished invalidation session. No sessions were stopped.
11:17:46.647 [schedule-pool-1] INFO  c.q.f.s.w.s.OnlineWebSessionManager - [validateSessions,99] - invalidation sessions...
11:17:46.670 [schedule-pool-1] INFO  c.q.f.s.w.s.OnlineWebSessionManager - [validateSessions,158] - Finished invalidation session. No sessions were stopped.
11:27:46.647 [schedule-pool-4] INFO  c.q.f.s.w.s.OnlineWebSessionManager - [validateSessions,99] - invalidation sessions...
11:27:46.671 [schedule-pool-4] INFO  c.q.f.s.w.s.OnlineWebSessionManager - [validateSessions,158] - Finished invalidation session. No sessions were stopped.
11:37:46.647 [schedule-pool-3] INFO  c.q.f.s.w.s.OnlineWebSessionManager - [validateSessions,99] - invalidation sessions...
11:37:46.666 [schedule-pool-3] INFO  c.q.f.s.w.s.OnlineWebSessionManager - [validateSessions,158] - Finished invalidation session. No sessions were stopped.
11:47:46.647 [schedule-pool-2] INFO  c.q.f.s.w.s.OnlineWebSessionManager - [validateSessions,99] - invalidation sessions...
11:47:46.659 [schedule-pool-2] INFO  c.q.f.s.w.s.OnlineWebSessionManager - [validateSessions,158] - Finished invalidation session. No sessions were stopped.
11:57:46.646 [schedule-pool-5] INFO  c.q.f.s.w.s.OnlineWebSessionManager - [validateSessions,99] - invalidation sessions...
11:57:46.652 [schedule-pool-5] INFO  c.q.f.s.w.s.OnlineWebSessionManager - [validateSessions,158] - Finished invalidation session. No sessions were stopped.
12:07:46.645 [schedule-pool-1] INFO  c.q.f.s.w.s.OnlineWebSessionManager - [validateSessions,99] - invalidation sessions...
12:07:46.660 [schedule-pool-1] INFO  c.q.f.s.w.s.OnlineWebSessionManager - [validateSessions,158] - Finished invalidation session. No sessions were stopped.
12:17:46.646 [schedule-pool-6] INFO  c.q.f.s.w.s.OnlineWebSessionManager - [validateSessions,99] - invalidation sessions...
12:17:46.684 [schedule-pool-6] INFO  c.q.f.s.w.s.OnlineWebSessionManager - [validateSessions,158] - Finished invalidation session. No sessions were stopped.
12:27:46.646 [schedule-pool-4] INFO  c.q.f.s.w.s.OnlineWebSessionManager - [validateSessions,99] - invalidation sessions...
12:27:46.653 [schedule-pool-4] INFO  c.q.f.s.w.s.OnlineWebSessionManager - [validateSessions,158] - Finished invalidation session. No sessions were stopped.
12:37:46.660 [schedule-pool-7] INFO  c.q.f.s.w.s.OnlineWebSessionManager - [validateSessions,99] - invalidation sessions...
12:37:46.705 [schedule-pool-7] INFO  c.q.f.s.w.s.OnlineWebSessionManager - [validateSessions,158] - Finished invalidation session. [1] sessions were stopped.
15:17:46.021 [schedule-pool-3] INFO  c.q.f.s.w.s.OnlineWebSessionManager - [validateSessions,99] - invalidation sessions...
15:17:46.064 [schedule-pool-3] INFO  c.q.f.s.w.s.OnlineWebSessionManager - [validateSessions,158] - Finished invalidation session. No sessions were stopped.
15:17:46.067 [schedule-pool-3] INFO  c.q.f.s.w.s.OnlineWebSessionManager - [validateSessions,99] - invalidation sessions...
15:17:46.084 [schedule-pool-3] INFO  c.q.f.s.w.s.OnlineWebSessionManager - [validateSessions,158] - Finished invalidation session. No sessions were stopped.
15:17:46.086 [schedule-pool-2] INFO  c.q.f.s.w.s.OnlineWebSessionManager - [validateSessions,99] - invalidation sessions...
15:17:46.103 [schedule-pool-2] INFO  c.q.f.s.w.s.OnlineWebSessionManager - [validateSessions,158] - Finished invalidation session. No sessions were stopped.
15:17:46.108 [schedule-pool-2] INFO  c.q.f.s.w.s.OnlineWebSessionManager - [validateSessions,99] - invalidation sessions...
15:17:46.115 [schedule-pool-2] INFO  c.q.f.s.w.s.OnlineWebSessionManager - [validateSessions,158] - Finished invalidation session. No sessions were stopped.
15:17:46.118 [schedule-pool-2] INFO  c.q.f.s.w.s.OnlineWebSessionManager - [validateSessions,99] - invalidation sessions...
15:17:46.126 [schedule-pool-2] INFO  c.q.f.s.w.s.OnlineWebSessionManager - [validateSessions,158] - Finished invalidation session. No sessions were stopped.
15:17:46.127 [schedule-pool-2] INFO  c.q.f.s.w.s.OnlineWebSessionManager - [validateSessions,99] - invalidation sessions...
15:17:46.135 [schedule-pool-2] INFO  c.q.f.s.w.s.OnlineWebSessionManager - [validateSessions,158] - Finished invalidation session. No sessions were stopped.
15:17:46.135 [schedule-pool-2] INFO  c.q.f.s.w.s.OnlineWebSessionManager - [validateSessions,99] - invalidation sessions...
15:17:46.141 [schedule-pool-2] INFO  c.q.f.s.w.s.OnlineWebSessionManager - [validateSessions,158] - Finished invalidation session. No sessions were stopped.
15:17:46.142 [schedule-pool-2] INFO  c.q.f.s.w.s.OnlineWebSessionManager - [validateSessions,99] - invalidation sessions...
15:17:46.147 [schedule-pool-2] INFO  c.q.f.s.w.s.OnlineWebSessionManager - [validateSessions,158] - Finished invalidation session. No sessions were stopped.
15:17:46.148 [schedule-pool-2] INFO  c.q.f.s.w.s.OnlineWebSessionManager - [validateSessions,99] - invalidation sessions...
15:17:46.154 [schedule-pool-2] INFO  c.q.f.s.w.s.OnlineWebSessionManager - [validateSessions,158] - Finished invalidation session. No sessions were stopped.
15:17:46.155 [schedule-pool-2] INFO  c.q.f.s.w.s.OnlineWebSessionManager - [validateSessions,99] - invalidation sessions...
15:17:46.160 [schedule-pool-2] INFO  c.q.f.s.w.s.OnlineWebSessionManager - [validateSessions,158] - Finished invalidation session. No sessions were stopped.
15:17:46.161 [schedule-pool-4] INFO  c.q.f.s.w.s.OnlineWebSessionManager - [validateSessions,99] - invalidation sessions...
15:17:46.167 [schedule-pool-4] INFO  c.q.f.s.w.s.OnlineWebSessionManager - [validateSessions,158] - Finished invalidation session. No sessions were stopped.
15:17:46.168 [schedule-pool-4] INFO  c.q.f.s.w.s.OnlineWebSessionManager - [validateSessions,99] - invalidation sessions...
15:17:46.174 [schedule-pool-4] INFO  c.q.f.s.w.s.OnlineWebSessionManager - [validateSessions,158] - Finished invalidation session. No sessions were stopped.
15:17:46.175 [schedule-pool-7] INFO  c.q.f.s.w.s.OnlineWebSessionManager - [validateSessions,99] - invalidation sessions...
15:17:46.180 [schedule-pool-7] INFO  c.q.f.s.w.s.OnlineWebSessionManager - [validateSessions,158] - Finished invalidation session. No sessions were stopped.
15:17:46.180 [schedule-pool-14] INFO  c.q.f.s.w.s.OnlineWebSessionManager - [validateSessions,99] - invalidation sessions...
15:17:46.186 [schedule-pool-14] INFO  c.q.f.s.w.s.OnlineWebSessionManager - [validateSessions,158] - Finished invalidation session. No sessions were stopped.
15:17:46.186 [schedule-pool-15] INFO  c.q.f.s.w.s.OnlineWebSessionManager - [validateSessions,99] - invalidation sessions...
15:17:46.192 [schedule-pool-15] INFO  c.q.f.s.w.s.OnlineWebSessionManager - [validateSessions,158] - Finished invalidation session. No sessions were stopped.
15:17:46.657 [schedule-pool-8] INFO  c.q.f.s.w.s.OnlineWebSessionManager - [validateSessions,99] - invalidation sessions...
15:17:46.668 [schedule-pool-8] INFO  c.q.f.s.w.s.OnlineWebSessionManager - [validateSessions,158] - Finished invalidation session. No sessions were stopped.
15:27:46.647 [schedule-pool-3] INFO  c.q.f.s.w.s.OnlineWebSessionManager - [validateSessions,99] - invalidation sessions...
15:27:46.945 [schedule-pool-3] INFO  c.q.f.s.w.s.OnlineWebSessionManager - [validateSessions,158] - Finished invalidation session. No sessions were stopped.
15:37:46.646 [schedule-pool-16] INFO  c.q.f.s.w.s.OnlineWebSessionManager - [validateSessions,99] - invalidation sessions...
15:37:46.658 [schedule-pool-16] INFO  c.q.f.s.w.s.OnlineWebSessionManager - [validateSessions,158] - Finished invalidation session. No sessions were stopped.
15:47:46.657 [schedule-pool-16] INFO  c.q.f.s.w.s.OnlineWebSessionManager - [validateSessions,99] - invalidation sessions...
15:47:46.663 [schedule-pool-16] INFO  c.q.f.s.w.s.OnlineWebSessionManager - [validateSessions,158] - Finished invalidation session. No sessions were stopped.
15:57:46.647 [schedule-pool-17] INFO  c.q.f.s.w.s.OnlineWebSessionManager - [validateSessions,99] - invalidation sessions...
15:57:46.660 [schedule-pool-17] INFO  c.q.f.s.w.s.OnlineWebSessionManager - [validateSessions,158] - Finished invalidation session. No sessions were stopped.
16:07:46.647 [schedule-pool-17] INFO  c.q.f.s.w.s.OnlineWebSessionManager - [validateSessions,99] - invalidation sessions...
16:07:46.663 [schedule-pool-17] INFO  c.q.f.s.w.s.OnlineWebSessionManager - [validateSessions,158] - Finished invalidation session. No sessions were stopped.
16:17:46.657 [schedule-pool-18] INFO  c.q.f.s.w.s.OnlineWebSessionManager - [validateSessions,99] - invalidation sessions...
16:17:46.666 [schedule-pool-18] INFO  c.q.f.s.w.s.OnlineWebSessionManager - [validateSessions,158] - Finished invalidation session. No sessions were stopped.
16:27:46.646 [schedule-pool-19] INFO  c.q.f.s.w.s.OnlineWebSessionManager - [validateSessions,99] - invalidation sessions...
16:27:46.661 [schedule-pool-19] INFO  c.q.f.s.w.s.OnlineWebSessionManager - [validateSessions,158] - Finished invalidation session. No sessions were stopped.
16:37:46.647 [schedule-pool-19] INFO  c.q.f.s.w.s.OnlineWebSessionManager - [validateSessions,99] - invalidation sessions...
16:37:46.654 [schedule-pool-19] INFO  c.q.f.s.w.s.OnlineWebSessionManager - [validateSessions,158] - Finished invalidation session. No sessions were stopped.
16:47:46.647 [schedule-pool-19] INFO  c.q.f.s.w.s.OnlineWebSessionManager - [validateSessions,99] - invalidation sessions...
16:47:46.664 [schedule-pool-19] INFO  c.q.f.s.w.s.OnlineWebSessionManager - [validateSessions,158] - Finished invalidation session. No sessions were stopped.
16:57:46.647 [schedule-pool-19] INFO  c.q.f.s.w.s.OnlineWebSessionManager - [validateSessions,99] - invalidation sessions...
16:57:46.665 [schedule-pool-19] INFO  c.q.f.s.w.s.OnlineWebSessionManager - [validateSessions,158] - Finished invalidation session. No sessions were stopped.
17:07:46.647 [schedule-pool-21] INFO  c.q.f.s.w.s.OnlineWebSessionManager - [validateSessions,99] - invalidation sessions...
17:07:46.677 [schedule-pool-21] INFO  c.q.f.s.w.s.OnlineWebSessionManager - [validateSessions,158] - Finished invalidation session. No sessions were stopped.
17:17:46.657 [schedule-pool-11] INFO  c.q.f.s.w.s.OnlineWebSessionManager - [validateSessions,99] - invalidation sessions...
17:17:46.669 [schedule-pool-11] INFO  c.q.f.s.w.s.OnlineWebSessionManager - [validateSessions,158] - Finished invalidation session. No sessions were stopped.
17:27:46.646 [schedule-pool-11] INFO  c.q.f.s.w.s.OnlineWebSessionManager - [validateSessions,99] - invalidation sessions...
17:27:46.650 [schedule-pool-11] INFO  c.q.f.s.w.s.OnlineWebSessionManager - [validateSessions,158] - Finished invalidation session. No sessions were stopped.
17:39:14.594 [schedule-pool-11] INFO  c.q.f.s.w.s.OnlineWebSessionManager - [validateSessions,99] - invalidation sessions...
17:39:14.600 [schedule-pool-11] INFO  c.q.f.s.w.s.OnlineWebSessionManager - [validateSessions,158] - Finished invalidation session. No sessions were stopped.
21:57:46.106 [schedule-pool-11] INFO  c.q.f.s.w.s.OnlineWebSessionManager - [validateSessions,99] - invalidation sessions...
21:57:46.112 [schedule-pool-11] INFO  c.q.f.s.w.s.OnlineWebSessionManager - [validateSessions,158] - Finished invalidation session. No sessions were stopped.
21:57:46.144 [schedule-pool-12] INFO  c.q.f.s.w.s.OnlineWebSessionManager - [validateSessions,99] - invalidation sessions...
21:57:46.150 [schedule-pool-12] INFO  c.q.f.s.w.s.OnlineWebSessionManager - [validateSessions,158] - Finished invalidation session. No sessions were stopped.
21:57:46.153 [schedule-pool-2] INFO  c.q.f.s.w.s.OnlineWebSessionManager - [validateSessions,99] - invalidation sessions...
21:57:46.158 [schedule-pool-2] INFO  c.q.f.s.w.s.OnlineWebSessionManager - [validateSessions,158] - Finished invalidation session. No sessions were stopped.
21:57:46.159 [schedule-pool-24] INFO  c.q.f.s.w.s.OnlineWebSessionManager - [validateSessions,99] - invalidation sessions...
21:57:46.163 [schedule-pool-24] INFO  c.q.f.s.w.s.OnlineWebSessionManager - [validateSessions,158] - Finished invalidation session. No sessions were stopped.
21:57:46.165 [schedule-pool-25] INFO  c.q.f.s.w.s.OnlineWebSessionManager - [validateSessions,99] - invalidation sessions...
21:57:46.170 [schedule-pool-25] INFO  c.q.f.s.w.s.OnlineWebSessionManager - [validateSessions,158] - Finished invalidation session. No sessions were stopped.
21:57:46.171 [schedule-pool-13] INFO  c.q.f.s.w.s.OnlineWebSessionManager - [validateSessions,99] - invalidation sessions...
21:57:46.176 [schedule-pool-13] INFO  c.q.f.s.w.s.OnlineWebSessionManager - [validateSessions,158] - Finished invalidation session. No sessions were stopped.
21:57:46.177 [schedule-pool-4] INFO  c.q.f.s.w.s.OnlineWebSessionManager - [validateSessions,99] - invalidation sessions...
21:57:46.181 [schedule-pool-4] INFO  c.q.f.s.w.s.OnlineWebSessionManager - [validateSessions,158] - Finished invalidation session. No sessions were stopped.
21:57:46.181 [schedule-pool-4] INFO  c.q.f.s.w.s.OnlineWebSessionManager - [validateSessions,99] - invalidation sessions...
21:57:46.184 [schedule-pool-4] INFO  c.q.f.s.w.s.OnlineWebSessionManager - [validateSessions,158] - Finished invalidation session. No sessions were stopped.
21:57:46.184 [schedule-pool-4] INFO  c.q.f.s.w.s.OnlineWebSessionManager - [validateSessions,99] - invalidation sessions...
21:57:46.188 [schedule-pool-4] INFO  c.q.f.s.w.s.OnlineWebSessionManager - [validateSessions,158] - Finished invalidation session. No sessions were stopped.
21:57:46.188 [schedule-pool-4] INFO  c.q.f.s.w.s.OnlineWebSessionManager - [validateSessions,99] - invalidation sessions...
21:57:46.192 [schedule-pool-4] INFO  c.q.f.s.w.s.OnlineWebSessionManager - [validateSessions,158] - Finished invalidation session. No sessions were stopped.
21:57:46.192 [schedule-pool-4] INFO  c.q.f.s.w.s.OnlineWebSessionManager - [validateSessions,99] - invalidation sessions...
21:57:46.197 [schedule-pool-4] INFO  c.q.f.s.w.s.OnlineWebSessionManager - [validateSessions,158] - Finished invalidation session. No sessions were stopped.
21:57:46.197 [schedule-pool-4] INFO  c.q.f.s.w.s.OnlineWebSessionManager - [validateSessions,99] - invalidation sessions...
21:57:46.201 [schedule-pool-4] INFO  c.q.f.s.w.s.OnlineWebSessionManager - [validateSessions,158] - Finished invalidation session. No sessions were stopped.
21:57:46.201 [schedule-pool-4] INFO  c.q.f.s.w.s.OnlineWebSessionManager - [validateSessions,99] - invalidation sessions...
21:57:46.205 [schedule-pool-4] INFO  c.q.f.s.w.s.OnlineWebSessionManager - [validateSessions,158] - Finished invalidation session. No sessions were stopped.
21:57:46.205 [schedule-pool-4] INFO  c.q.f.s.w.s.OnlineWebSessionManager - [validateSessions,99] - invalidation sessions...
21:57:46.209 [schedule-pool-4] INFO  c.q.f.s.w.s.OnlineWebSessionManager - [validateSessions,158] - Finished invalidation session. No sessions were stopped.
21:57:46.210 [schedule-pool-4] INFO  c.q.f.s.w.s.OnlineWebSessionManager - [validateSessions,99] - invalidation sessions...
21:57:46.214 [schedule-pool-4] INFO  c.q.f.s.w.s.OnlineWebSessionManager - [validateSessions,158] - Finished invalidation session. No sessions were stopped.
21:57:46.214 [schedule-pool-4] INFO  c.q.f.s.w.s.OnlineWebSessionManager - [validateSessions,99] - invalidation sessions...
21:57:46.218 [schedule-pool-4] INFO  c.q.f.s.w.s.OnlineWebSessionManager - [validateSessions,158] - Finished invalidation session. No sessions were stopped.
21:57:46.220 [schedule-pool-4] INFO  c.q.f.s.w.s.OnlineWebSessionManager - [validateSessions,99] - invalidation sessions...
21:57:46.224 [schedule-pool-4] INFO  c.q.f.s.w.s.OnlineWebSessionManager - [validateSessions,158] - Finished invalidation session. No sessions were stopped.
21:57:46.224 [schedule-pool-4] INFO  c.q.f.s.w.s.OnlineWebSessionManager - [validateSessions,99] - invalidation sessions...
21:57:46.228 [schedule-pool-4] INFO  c.q.f.s.w.s.OnlineWebSessionManager - [validateSessions,158] - Finished invalidation session. No sessions were stopped.
21:57:46.231 [schedule-pool-4] INFO  c.q.f.s.w.s.OnlineWebSessionManager - [validateSessions,99] - invalidation sessions...
21:57:46.235 [schedule-pool-4] INFO  c.q.f.s.w.s.OnlineWebSessionManager - [validateSessions,158] - Finished invalidation session. No sessions were stopped.
21:57:46.235 [schedule-pool-4] INFO  c.q.f.s.w.s.OnlineWebSessionManager - [validateSessions,99] - invalidation sessions...
21:57:46.240 [schedule-pool-4] INFO  c.q.f.s.w.s.OnlineWebSessionManager - [validateSessions,158] - Finished invalidation session. No sessions were stopped.
21:57:46.242 [schedule-pool-4] INFO  c.q.f.s.w.s.OnlineWebSessionManager - [validateSessions,99] - invalidation sessions...
21:57:46.245 [schedule-pool-4] INFO  c.q.f.s.w.s.OnlineWebSessionManager - [validateSessions,158] - Finished invalidation session. No sessions were stopped.
21:57:46.246 [schedule-pool-4] INFO  c.q.f.s.w.s.OnlineWebSessionManager - [validateSessions,99] - invalidation sessions...
21:57:46.250 [schedule-pool-4] INFO  c.q.f.s.w.s.OnlineWebSessionManager - [validateSessions,158] - Finished invalidation session. No sessions were stopped.
21:57:46.250 [schedule-pool-4] INFO  c.q.f.s.w.s.OnlineWebSessionManager - [validateSessions,99] - invalidation sessions...
21:57:46.254 [schedule-pool-4] INFO  c.q.f.s.w.s.OnlineWebSessionManager - [validateSessions,158] - Finished invalidation session. No sessions were stopped.
21:57:46.254 [schedule-pool-4] INFO  c.q.f.s.w.s.OnlineWebSessionManager - [validateSessions,99] - invalidation sessions...
21:57:46.259 [schedule-pool-4] INFO  c.q.f.s.w.s.OnlineWebSessionManager - [validateSessions,158] - Finished invalidation session. No sessions were stopped.
21:57:46.259 [schedule-pool-4] INFO  c.q.f.s.w.s.OnlineWebSessionManager - [validateSessions,99] - invalidation sessions...
21:57:46.263 [schedule-pool-4] INFO  c.q.f.s.w.s.OnlineWebSessionManager - [validateSessions,158] - Finished invalidation session. No sessions were stopped.
21:57:46.647 [schedule-pool-4] INFO  c.q.f.s.w.s.OnlineWebSessionManager - [validateSessions,99] - invalidation sessions...
21:57:46.652 [schedule-pool-4] INFO  c.q.f.s.w.s.OnlineWebSessionManager - [validateSessions,158] - Finished invalidation session. No sessions were stopped.
