14:18:17.895 [restartedMain] INFO  c.q.qlcxApplication - [logStarting,50] - Starting qlcxApplication on DESKTOP-IFEAUMD with PID 9568 (E:\PBL\qlcx-develop\qlcx-admin\target\classes started by OS in E:\PBL\qlcx-develop\qlcx-admin)
14:18:17.900 [restartedMain] INFO  c.q.qlcxApplication - [logStartupProfileInfo,679] - The following profiles are active: druid
14:18:22.809 [restartedMain] INFO  o.a.s.c.e.EhCacheManager - [getCache,158] - Cache with name 'com.qlcx.framework.shiro.realm.UserRealm.authorizationCache' does not yet exist.  Creating now.
14:18:22.809 [restartedMain] INFO  o.a.s.c.e.EhCacheManager - [getCache,165] - Added EhCache named [com.qlcx.framework.shiro.realm.UserRealm.authorizationCache]
14:18:25.141 [restartedMain] INFO  o.a.s.c.e.EhCacheManager - [getCache,169] - Using existing EHCache named [loginRecordCache]
14:18:25.617 [restartedMain] INFO  c.a.d.p.DruidDataSource - [init,991] - {dataSource-1} inited
14:18:25.874 [restartedMain] INFO  o.a.s.c.e.EhCacheManager - [getCache,169] - Using existing EHCache named [sys-config]
14:18:25.880 [restartedMain] INFO  o.a.s.c.e.EhCacheManager - [getCache,169] - Using existing EHCache named [sys-config]
14:18:25.880 [restartedMain] INFO  o.a.s.c.e.EhCacheManager - [getCache,169] - Using existing EHCache named [sys-config]
14:18:25.881 [restartedMain] INFO  o.a.s.c.e.EhCacheManager - [getCache,169] - Using existing EHCache named [sys-config]
14:18:25.882 [restartedMain] INFO  o.a.s.c.e.EhCacheManager - [getCache,169] - Using existing EHCache named [sys-config]
14:18:25.883 [restartedMain] INFO  o.a.s.c.e.EhCacheManager - [getCache,169] - Using existing EHCache named [sys-config]
14:18:25.885 [restartedMain] INFO  o.a.s.c.e.EhCacheManager - [getCache,169] - Using existing EHCache named [sys-config]
14:18:25.886 [restartedMain] INFO  o.a.s.c.e.EhCacheManager - [getCache,169] - Using existing EHCache named [sys-config]
14:18:26.187 [restartedMain] INFO  o.a.s.c.e.EhCacheManager - [getCache,169] - Using existing EHCache named [sys-userCache]
14:18:26.188 [restartedMain] INFO  o.a.s.c.e.EhCacheManager - [getCache,169] - Using existing EHCache named [sys-userCache]
14:18:27.428 [restartedMain] INFO  o.a.c.h.Http11NioProtocol - [log,173] - Initializing ProtocolHandler ["http-nio-1005"]
14:18:27.450 [restartedMain] INFO  o.a.c.c.StandardService - [log,173] - Starting service [Tomcat]
14:18:27.450 [restartedMain] INFO  o.a.c.c.StandardEngine - [log,173] - Starting Servlet Engine: Apache Tomcat/9.0.13
14:18:27.473 [restartedMain] INFO  o.a.c.c.AprLifecycleListener - [log,173] - The APR based Apache Tomcat Native library which allows optimal performance in production environments was not found on the java.library.path: [C:\Users\OS\.p2\pool\plugins\org.eclipse.justj.openjdk.hotspot.jre.full.win32.x86_64_17.0.6.v20230204-1729\jre\bin;C:\Windows\Sun\Java\bin;C:\Windows\system32;C:\Windows;C:/Users/OS/.p2/pool/plugins/org.eclipse.justj.openjdk.hotspot.jre.full.win32.x86_64_17.0.6.v20230204-1729/jre/bin/server;C:/Users/OS/.p2/pool/plugins/org.eclipse.justj.openjdk.hotspot.jre.full.win32.x86_64_17.0.6.v20230204-1729/jre/bin;C:\Windows\system32;C:\Windows;C:\Windows\System32\Wbem;C:\Windows\System32\WindowsPowerShell\v1.0\;C:\Windows\System32\OpenSSH\;C:\Program Files\Git\cmd;C:\Program Files\nodejs\;D:\Maven\apache-maven-3.8.7-bin\apache-maven-3.8.7\bin;D:\Java_JDK\jdk1.8.0_191\jdk1.8.0_191\bin;C:\Users\OS\AppData\Local\Microsoft\WindowsApps;C:\Users\OS\AppData\Roaming\npm;C:\Users\OS\AppData\Local\Programs\Microsoft VS Code\bin;C:\Windows\System32;;.]
14:18:27.720 [restartedMain] INFO  o.a.c.c.C.[.[.[/] - [log,173] - Initializing Spring embedded WebApplicationContext
14:18:28.516 [restartedMain] INFO  o.a.s.c.e.EhCacheManager - [getCache,169] - Using existing EHCache named [sys-dict]
14:18:28.522 [restartedMain] INFO  o.a.s.c.e.EhCacheManager - [getCache,169] - Using existing EHCache named [sys-dict]
14:18:28.528 [restartedMain] INFO  o.a.s.c.e.EhCacheManager - [getCache,169] - Using existing EHCache named [sys-dict]
14:18:28.536 [restartedMain] INFO  o.a.s.c.e.EhCacheManager - [getCache,169] - Using existing EHCache named [sys-dict]
14:18:28.542 [restartedMain] INFO  o.a.s.c.e.EhCacheManager - [getCache,169] - Using existing EHCache named [sys-dict]
14:18:28.550 [restartedMain] INFO  o.a.s.c.e.EhCacheManager - [getCache,169] - Using existing EHCache named [sys-dict]
14:18:28.556 [restartedMain] INFO  o.a.s.c.e.EhCacheManager - [getCache,169] - Using existing EHCache named [sys-dict]
14:18:28.568 [restartedMain] INFO  o.a.s.c.e.EhCacheManager - [getCache,169] - Using existing EHCache named [sys-dict]
14:18:28.578 [restartedMain] INFO  o.a.s.c.e.EhCacheManager - [getCache,169] - Using existing EHCache named [sys-dict]
14:18:28.587 [restartedMain] INFO  o.a.s.c.e.EhCacheManager - [getCache,169] - Using existing EHCache named [sys-dict]
14:18:29.325 [restartedMain] INFO  o.q.i.StdSchedulerFactory - [instantiate,1208] - Using default implementation for ThreadExecutor
14:18:29.360 [restartedMain] INFO  o.q.c.SchedulerSignalerImpl - [<init>,61] - Initialized Scheduler Signaller of type: class org.quartz.core.SchedulerSignalerImpl
14:18:29.361 [restartedMain] INFO  o.q.c.QuartzScheduler - [<init>,229] - Quartz Scheduler v.2.3.0 created.
14:18:29.377 [restartedMain] INFO  o.q.c.QuartzScheduler - [initialize,294] - Scheduler meta-data: Quartz Scheduler (v2.3.0) 'RuoyiScheduler' with instanceId 'DESKTOP-IFEAUMD1684480709333'
  Scheduler class: 'org.quartz.core.QuartzScheduler' - running locally.
  NOT STARTED.
  Currently in standby mode.
  Number of jobs executed: 0
  Using thread pool 'org.quartz.simpl.SimpleThreadPool' - with 20 threads.
  Using job-store 'org.springframework.scheduling.quartz.LocalDataSourceJobStore' - which supports persistence. and is clustered.

14:18:29.379 [restartedMain] INFO  o.q.i.StdSchedulerFactory - [instantiate,1362] - Quartz scheduler 'RuoyiScheduler' initialized from an externally provided properties instance.
14:18:29.383 [restartedMain] INFO  o.q.i.StdSchedulerFactory - [instantiate,1366] - Quartz scheduler version: 2.3.0
14:18:29.389 [restartedMain] INFO  o.q.c.QuartzScheduler - [setJobFactory,2287] - JobFactory set to: org.springframework.scheduling.quartz.AdaptableJobFactory@19fc53d8
14:18:31.107 [restartedMain] INFO  s.d.s.w.PropertySourcedRequestMappingHandlerMapping - [initHandlerMethods,69] - Mapped URL path [/v2/api-docs] onto method [public org.springframework.http.ResponseEntity<springfox.documentation.spring.web.json.Json> springfox.documentation.swagger2.web.Swagger2Controller.getDocumentation(java.lang.String,javax.servlet.http.HttpServletRequest)]
14:18:32.959 [restartedMain] INFO  s.d.s.w.p.DocumentationPluginsBootstrapper - [start,160] - Context refreshed
14:18:33.022 [restartedMain] INFO  s.d.s.w.p.DocumentationPluginsBootstrapper - [start,163] - Found 1 custom documentation plugin(s)
14:18:33.239 [restartedMain] INFO  s.d.s.w.s.ApiListingReferenceScanner - [scan,41] - Scanning for api listing references
14:18:33.530 [restartedMain] INFO  o.a.c.h.Http11NioProtocol - [log,173] - Starting ProtocolHandler ["http-nio-1005"]
14:18:33.586 [restartedMain] INFO  o.a.t.u.n.NioSelectorPool - [log,173] - Using a shared selector for servlet write/read
14:18:33.636 [restartedMain] INFO  c.q.qlcxApplication - [logStarted,59] - Started qlcxApplication in 16.308 seconds (JVM running for 17.381)
14:18:34.541 [Quartz Scheduler [RuoyiScheduler]] INFO  o.q.c.QuartzScheduler - [start,547] - Scheduler RuoyiScheduler_$_DESKTOP-IFEAUMD1684480709333 started.
14:18:35.958 [http-nio-1005-exec-2] INFO  o.a.c.c.C.[.[.[/] - [log,173] - Initializing Spring DispatcherServlet 'dispatcherServlet'
14:18:36.026 [http-nio-1005-exec-2] INFO  o.a.s.s.m.AbstractValidatingSessionManager - [enableSessionValidation,233] - Enabling session validation scheduler...
14:18:36.031 [http-nio-1005-exec-2] INFO  o.a.s.c.e.EhCacheManager - [getCache,169] - Using existing EHCache named [shiro-activeSessionCache]
14:18:37.032 [schedule-pool-1] INFO  c.q.f.s.w.s.OnlineWebSessionManager - [validateSessions,99] - invalidation sessions...
14:18:37.057 [schedule-pool-1] INFO  c.q.f.s.w.s.OnlineWebSessionManager - [validateSessions,158] - Finished invalidation session. No sessions were stopped.
14:18:40.391 [schedule-pool-1] INFO  sys-user - [run,111] - [127.0.0.1]Intranet IP[admin][Success][Login successful]
14:18:40.543 [http-nio-1005-exec-6] INFO  o.a.s.c.e.EhCacheManager - [getCache,169] - Using existing EHCache named [sys-config]
14:18:40.546 [http-nio-1005-exec-6] INFO  o.a.s.c.e.EhCacheManager - [getCache,169] - Using existing EHCache named [sys-config]
14:28:37.029 [schedule-pool-2] INFO  c.q.f.s.w.s.OnlineWebSessionManager - [validateSessions,99] - invalidation sessions...
14:28:37.059 [schedule-pool-2] INFO  c.q.f.s.w.s.OnlineWebSessionManager - [validateSessions,158] - Finished invalidation session. No sessions were stopped.
14:41:27.371 [schedule-pool-2] INFO  c.q.f.s.w.s.OnlineWebSessionManager - [validateSessions,99] - invalidation sessions...
14:41:27.391 [schedule-pool-2] INFO  c.q.f.s.w.s.OnlineWebSessionManager - [validateSessions,158] - Finished invalidation session. No sessions were stopped.
14:48:37.029 [schedule-pool-2] INFO  c.q.f.s.w.s.OnlineWebSessionManager - [validateSessions,99] - invalidation sessions...
14:48:37.047 [schedule-pool-2] INFO  c.q.f.s.w.s.OnlineWebSessionManager - [validateSessions,158] - Finished invalidation session. No sessions were stopped.
14:58:37.031 [schedule-pool-1] INFO  c.q.f.s.w.s.OnlineWebSessionManager - [validateSessions,99] - invalidation sessions...
14:58:37.062 [schedule-pool-1] INFO  c.q.f.s.w.s.OnlineWebSessionManager - [validateSessions,158] - Finished invalidation session. No sessions were stopped.
15:08:37.029 [schedule-pool-4] INFO  c.q.f.s.w.s.OnlineWebSessionManager - [validateSessions,99] - invalidation sessions...
15:08:37.058 [schedule-pool-4] INFO  c.q.f.s.w.s.OnlineWebSessionManager - [validateSessions,158] - Finished invalidation session. No sessions were stopped.
15:18:37.030 [schedule-pool-3] INFO  c.q.f.s.w.s.OnlineWebSessionManager - [validateSessions,99] - invalidation sessions...
15:18:37.058 [schedule-pool-3] INFO  c.q.f.s.w.s.OnlineWebSessionManager - [validateSessions,158] - Finished invalidation session. No sessions were stopped.
15:24:21.167 [schedule-pool-5] INFO  sys-user - [run,111] - [127.0.0.1]Intranet IP[admin][Success][Login successful]
15:24:21.210 [http-nio-1005-exec-29] INFO  o.a.s.c.e.EhCacheManager - [getCache,169] - Using existing EHCache named [sys-config]
15:24:21.211 [http-nio-1005-exec-29] INFO  o.a.s.c.e.EhCacheManager - [getCache,169] - Using existing EHCache named [sys-config]
15:24:23.644 [http-nio-1005-exec-8] INFO  o.a.s.c.e.EhCacheManager - [getCache,169] - Using existing EHCache named [sys-config]
15:24:23.645 [http-nio-1005-exec-8] INFO  o.a.s.c.e.EhCacheManager - [getCache,169] - Using existing EHCache named [sys-config]
15:25:25.409 [schedule-pool-1] INFO  sys-user - [run,111] - [127.0.0.1]Intranet IP[admin][Logout][Logout successful]
15:25:28.230 [http-nio-1005-exec-2] INFO  c.q.f.s.r.UserRealm - [doGetAuthenticationInfo,129] - Login verification for user [nhanvien].. verification failed Unclosed counted closure near index 47
^0{0,1}(13[0-9]|15[0-9]|14[0-9]|18[0-9])[0-9]{8 }$
                                               ^
15:25:38.743 [schedule-pool-4] INFO  sys-user - [run,111] - [127.0.0.1]Intranet IP[nhavien][Error][Password entered incorrectly 1 times]
15:25:46.635 [schedule-pool-3] INFO  sys-user - [run,111] - [127.0.0.1]Intranet IP[nhavien][Error][Password entered incorrectly 2 times]
15:26:42.525 [schedule-pool-11] INFO  sys-user - [run,111] - [127.0.0.1]Intranet IP[nhavien][Error][Password entered incorrectly 3 times]
15:26:50.536 [schedule-pool-7] INFO  sys-user - [run,111] - [127.0.0.1]Intranet IP[nhavien][Error][Password entered incorrectly 4 times]
15:27:03.052 [schedule-pool-13] INFO  sys-user - [run,111] - [127.0.0.1]Intranet IP[admin][Success][Login successful]
15:27:03.076 [http-nio-1005-exec-6] INFO  o.a.s.c.e.EhCacheManager - [getCache,169] - Using existing EHCache named [sys-config]
15:27:03.077 [http-nio-1005-exec-6] INFO  o.a.s.c.e.EhCacheManager - [getCache,169] - Using existing EHCache named [sys-config]
15:27:10.680 [schedule-pool-9] INFO  sys-user - [run,111] - [127.0.0.1]Intranet IP[admin][Logout][Logout successful]
15:28:37.027 [schedule-pool-1] INFO  c.q.f.s.w.s.OnlineWebSessionManager - [validateSessions,99] - invalidation sessions...
15:28:37.042 [schedule-pool-1] INFO  c.q.f.s.w.s.OnlineWebSessionManager - [validateSessions,158] - Finished invalidation session. No sessions were stopped.
15:29:38.904 [schedule-pool-4] INFO  sys-user - [run,111] - [127.0.0.1]Intranet IP[admin][Success][Login successful]
15:29:38.928 [http-nio-1005-exec-22] INFO  o.a.s.c.e.EhCacheManager - [getCache,169] - Using existing EHCache named [sys-config]
15:29:38.929 [http-nio-1005-exec-22] INFO  o.a.s.c.e.EhCacheManager - [getCache,169] - Using existing EHCache named [sys-config]
15:29:40.854 [schedule-pool-11] INFO  sys-user - [run,111] - [127.0.0.1]Intranet IP[admin][Logout][Logout successful]
15:29:49.729 [schedule-pool-7] INFO  sys-user - [run,111] - [127.0.0.1]Intranet IP[nhavien][Error][Password entered incorrectly 5 times]
