22:12:53.945 [restartedMain] INFO  c.q.qlcxApplication - [logStarting,50] - Starting qlcxApplication on DESKTOP-IFEAUMD with PID 12412 (E:\PBL\qlcx-develop\qlcx-admin\target\classes started by OS in E:\PBL\qlcx-develop\qlcx-admin)
22:12:53.957 [restartedMain] INFO  c.q.qlcxApplication - [logStartupProfileInfo,679] - The following profiles are active: druid
22:13:03.323 [restartedMain] INFO  o.a.s.c.e.EhCacheManager - [getCache,158] - Cache with name 'com.qlcx.framework.shiro.realm.UserRealm.authorizationCache' does not yet exist.  Creating now.
22:13:03.325 [restartedMain] INFO  o.a.s.c.e.EhCacheManager - [getCache,165] - Added EhCache named [com.qlcx.framework.shiro.realm.UserRealm.authorizationCache]
22:13:05.832 [restartedMain] INFO  o.a.s.c.e.EhCacheManager - [getCache,169] - Using existing EHCache named [loginRecordCache]
22:13:06.220 [restartedMain] INFO  c.a.d.p.DruidDataSource - [init,991] - {dataSource-1} inited
22:13:06.266 [restartedMain] INFO  c.a.d.p.DruidDataSource - [close,1928] - {dataSource-1} closed
22:19:08.175 [restartedMain] INFO  c.q.qlcxApplication - [logStarting,50] - Starting qlcxApplication on DESKTOP-IFEAUMD with PID 1560 (E:\PBL\qlcx-develop\qlcx-admin\target\classes started by OS in E:\PBL\qlcx-develop\qlcx-admin)
22:19:08.181 [restartedMain] INFO  c.q.qlcxApplication - [logStartupProfileInfo,679] - The following profiles are active: druid
22:19:11.327 [restartedMain] INFO  o.a.s.c.e.EhCacheManager - [getCache,158] - Cache with name 'com.qlcx.framework.shiro.realm.UserRealm.authorizationCache' does not yet exist.  Creating now.
22:19:11.329 [restartedMain] INFO  o.a.s.c.e.EhCacheManager - [getCache,165] - Added EhCache named [com.qlcx.framework.shiro.realm.UserRealm.authorizationCache]
22:19:12.654 [restartedMain] INFO  o.a.s.c.e.EhCacheManager - [getCache,169] - Using existing EHCache named [loginRecordCache]
22:19:12.985 [restartedMain] INFO  c.a.d.p.DruidDataSource - [init,991] - {dataSource-1} inited
22:19:13.257 [restartedMain] INFO  o.a.s.c.e.EhCacheManager - [getCache,169] - Using existing EHCache named [sys-config]
22:19:13.262 [restartedMain] INFO  o.a.s.c.e.EhCacheManager - [getCache,169] - Using existing EHCache named [sys-config]
22:19:13.263 [restartedMain] INFO  o.a.s.c.e.EhCacheManager - [getCache,169] - Using existing EHCache named [sys-config]
22:19:13.265 [restartedMain] INFO  o.a.s.c.e.EhCacheManager - [getCache,169] - Using existing EHCache named [sys-config]
22:19:13.265 [restartedMain] INFO  o.a.s.c.e.EhCacheManager - [getCache,169] - Using existing EHCache named [sys-config]
22:19:13.266 [restartedMain] INFO  o.a.s.c.e.EhCacheManager - [getCache,169] - Using existing EHCache named [sys-config]
22:19:13.267 [restartedMain] INFO  o.a.s.c.e.EhCacheManager - [getCache,169] - Using existing EHCache named [sys-config]
22:19:13.268 [restartedMain] INFO  o.a.s.c.e.EhCacheManager - [getCache,169] - Using existing EHCache named [sys-config]
22:19:13.508 [restartedMain] INFO  o.a.s.c.e.EhCacheManager - [getCache,169] - Using existing EHCache named [sys-userCache]
22:19:13.509 [restartedMain] INFO  o.a.s.c.e.EhCacheManager - [getCache,169] - Using existing EHCache named [sys-userCache]
22:19:14.123 [restartedMain] INFO  o.a.c.h.Http11NioProtocol - [log,173] - Initializing ProtocolHandler ["http-nio-1005"]
22:19:14.138 [restartedMain] INFO  o.a.c.c.StandardService - [log,173] - Starting service [Tomcat]
22:19:14.138 [restartedMain] INFO  o.a.c.c.StandardEngine - [log,173] - Starting Servlet Engine: Apache Tomcat/9.0.13
22:19:14.153 [restartedMain] INFO  o.a.c.c.AprLifecycleListener - [log,173] - The APR based Apache Tomcat Native library which allows optimal performance in production environments was not found on the java.library.path: [C:\Users\OS\.p2\pool\plugins\org.eclipse.justj.openjdk.hotspot.jre.full.win32.x86_64_17.0.6.v20230204-1729\jre\bin;C:\Windows\Sun\Java\bin;C:\Windows\system32;C:\Windows;C:/Users/OS/.p2/pool/plugins/org.eclipse.justj.openjdk.hotspot.jre.full.win32.x86_64_17.0.6.v20230204-1729/jre/bin/server;C:/Users/OS/.p2/pool/plugins/org.eclipse.justj.openjdk.hotspot.jre.full.win32.x86_64_17.0.6.v20230204-1729/jre/bin;C:\Windows\system32;C:\Windows;C:\Windows\System32\Wbem;C:\Windows\System32\WindowsPowerShell\v1.0\;C:\Windows\System32\OpenSSH\;C:\Program Files\Git\cmd;C:\Program Files\nodejs\;D:\Maven\apache-maven-3.8.7-bin\apache-maven-3.8.7\bin;D:\Java_JDK\jdk1.8.0_191\jdk1.8.0_191\bin;C:\Program Files\dotnet\;C:\Users\OS\AppData\Local\Programs\Python\Python311\Scripts\;C:\Users\OS\AppData\Local\Programs\Python\Python311\;C:\Users\OS\AppData\Local\Microsoft\WindowsApps;C:\Users\OS\AppData\Roaming\npm;C:\Users\OS\AppData\Local\Programs\Microsoft VS Code\bin;C:\Users\OS\AppData\Local\Programs\Python\Python310;;C:\Windows\System32;;.]
22:19:14.326 [restartedMain] INFO  o.a.c.c.C.[.[.[/] - [log,173] - Initializing Spring embedded WebApplicationContext
22:19:14.939 [restartedMain] INFO  o.a.s.c.e.EhCacheManager - [getCache,169] - Using existing EHCache named [sys-dict]
22:19:14.945 [restartedMain] INFO  o.a.s.c.e.EhCacheManager - [getCache,169] - Using existing EHCache named [sys-dict]
22:19:14.955 [restartedMain] INFO  o.a.s.c.e.EhCacheManager - [getCache,169] - Using existing EHCache named [sys-dict]
22:19:14.961 [restartedMain] INFO  o.a.s.c.e.EhCacheManager - [getCache,169] - Using existing EHCache named [sys-dict]
22:19:14.966 [restartedMain] INFO  o.a.s.c.e.EhCacheManager - [getCache,169] - Using existing EHCache named [sys-dict]
22:19:14.971 [restartedMain] INFO  o.a.s.c.e.EhCacheManager - [getCache,169] - Using existing EHCache named [sys-dict]
22:19:14.977 [restartedMain] INFO  o.a.s.c.e.EhCacheManager - [getCache,169] - Using existing EHCache named [sys-dict]
22:19:14.986 [restartedMain] INFO  o.a.s.c.e.EhCacheManager - [getCache,169] - Using existing EHCache named [sys-dict]
22:19:14.993 [restartedMain] INFO  o.a.s.c.e.EhCacheManager - [getCache,169] - Using existing EHCache named [sys-dict]
22:19:14.998 [restartedMain] INFO  o.a.s.c.e.EhCacheManager - [getCache,169] - Using existing EHCache named [sys-dict]
22:19:15.448 [restartedMain] INFO  o.q.i.StdSchedulerFactory - [instantiate,1208] - Using default implementation for ThreadExecutor
22:19:15.469 [restartedMain] INFO  o.q.c.SchedulerSignalerImpl - [<init>,61] - Initialized Scheduler Signaller of type: class org.quartz.core.SchedulerSignalerImpl
22:19:15.469 [restartedMain] INFO  o.q.c.QuartzScheduler - [<init>,229] - Quartz Scheduler v.2.3.0 created.
22:19:15.479 [restartedMain] INFO  o.q.c.QuartzScheduler - [initialize,294] - Scheduler meta-data: Quartz Scheduler (v2.3.0) 'RuoyiScheduler' with instanceId 'DESKTOP-IFEAUMD1686237555451'
  Scheduler class: 'org.quartz.core.QuartzScheduler' - running locally.
  NOT STARTED.
  Currently in standby mode.
  Number of jobs executed: 0
  Using thread pool 'org.quartz.simpl.SimpleThreadPool' - with 20 threads.
  Using job-store 'org.springframework.scheduling.quartz.LocalDataSourceJobStore' - which supports persistence. and is clustered.

22:19:15.480 [restartedMain] INFO  o.q.i.StdSchedulerFactory - [instantiate,1362] - Quartz scheduler 'RuoyiScheduler' initialized from an externally provided properties instance.
22:19:15.480 [restartedMain] INFO  o.q.i.StdSchedulerFactory - [instantiate,1366] - Quartz scheduler version: 2.3.0
22:19:15.483 [restartedMain] INFO  o.q.c.QuartzScheduler - [setJobFactory,2287] - JobFactory set to: org.springframework.scheduling.quartz.AdaptableJobFactory@7917abe6
22:19:16.642 [restartedMain] INFO  s.d.s.w.PropertySourcedRequestMappingHandlerMapping - [initHandlerMethods,69] - Mapped URL path [/v2/api-docs] onto method [public org.springframework.http.ResponseEntity<springfox.documentation.spring.web.json.Json> springfox.documentation.swagger2.web.Swagger2Controller.getDocumentation(java.lang.String,javax.servlet.http.HttpServletRequest)]
22:19:17.801 [restartedMain] INFO  s.d.s.w.p.DocumentationPluginsBootstrapper - [start,160] - Context refreshed
22:19:17.828 [restartedMain] INFO  s.d.s.w.p.DocumentationPluginsBootstrapper - [start,163] - Found 1 custom documentation plugin(s)
22:19:17.962 [restartedMain] INFO  s.d.s.w.s.ApiListingReferenceScanner - [scan,41] - Scanning for api listing references
22:19:18.152 [restartedMain] INFO  o.a.c.h.Http11NioProtocol - [log,173] - Starting ProtocolHandler ["http-nio-1005"]
22:19:18.181 [restartedMain] INFO  o.a.t.u.n.NioSelectorPool - [log,173] - Using a shared selector for servlet write/read
22:19:18.214 [restartedMain] INFO  c.q.qlcxApplication - [logStarted,59] - Started qlcxApplication in 10.545 seconds (JVM running for 11.474)
22:19:19.206 [Quartz Scheduler [RuoyiScheduler]] INFO  o.q.c.QuartzScheduler - [start,547] - Scheduler RuoyiScheduler_$_DESKTOP-IFEAUMD1686237555451 started.
22:21:16.776 [http-nio-1005-exec-1] INFO  o.a.c.c.C.[.[.[/] - [log,173] - Initializing Spring DispatcherServlet 'dispatcherServlet'
22:21:16.836 [http-nio-1005-exec-1] INFO  o.a.s.s.m.AbstractValidatingSessionManager - [enableSessionValidation,233] - Enabling session validation scheduler...
22:21:16.870 [http-nio-1005-exec-1] INFO  o.a.s.c.e.EhCacheManager - [getCache,169] - Using existing EHCache named [shiro-activeSessionCache]
22:21:17.839 [schedule-pool-1] INFO  c.q.f.s.w.s.OnlineWebSessionManager - [validateSessions,99] - invalidation sessions...
22:21:18.007 [schedule-pool-1] INFO  c.q.f.s.w.s.OnlineWebSessionManager - [validateSessions,158] - Finished invalidation session. [2] sessions were stopped.
22:25:48.771 [restartedMain] INFO  c.q.qlcxApplication - [logStarting,50] - Starting qlcxApplication on DESKTOP-IFEAUMD with PID 15936 (E:\PBL\qlcx-develop\qlcx-admin\target\classes started by OS in E:\PBL\qlcx-develop\qlcx-admin)
22:25:48.776 [restartedMain] INFO  c.q.qlcxApplication - [logStartupProfileInfo,679] - The following profiles are active: druid
22:25:53.761 [restartedMain] INFO  o.a.s.c.e.EhCacheManager - [getCache,158] - Cache with name 'com.qlcx.framework.shiro.realm.UserRealm.authorizationCache' does not yet exist.  Creating now.
22:25:53.762 [restartedMain] INFO  o.a.s.c.e.EhCacheManager - [getCache,165] - Added EhCache named [com.qlcx.framework.shiro.realm.UserRealm.authorizationCache]
22:25:55.308 [restartedMain] INFO  o.a.s.c.e.EhCacheManager - [getCache,169] - Using existing EHCache named [loginRecordCache]
22:25:55.648 [restartedMain] INFO  c.a.d.p.DruidDataSource - [init,991] - {dataSource-1} inited
22:25:55.871 [restartedMain] INFO  o.a.s.c.e.EhCacheManager - [getCache,169] - Using existing EHCache named [sys-config]
22:25:55.877 [restartedMain] INFO  o.a.s.c.e.EhCacheManager - [getCache,169] - Using existing EHCache named [sys-config]
22:25:55.877 [restartedMain] INFO  o.a.s.c.e.EhCacheManager - [getCache,169] - Using existing EHCache named [sys-config]
22:25:55.878 [restartedMain] INFO  o.a.s.c.e.EhCacheManager - [getCache,169] - Using existing EHCache named [sys-config]
22:25:55.879 [restartedMain] INFO  o.a.s.c.e.EhCacheManager - [getCache,169] - Using existing EHCache named [sys-config]
22:25:55.880 [restartedMain] INFO  o.a.s.c.e.EhCacheManager - [getCache,169] - Using existing EHCache named [sys-config]
22:25:55.881 [restartedMain] INFO  o.a.s.c.e.EhCacheManager - [getCache,169] - Using existing EHCache named [sys-config]
22:25:55.882 [restartedMain] INFO  o.a.s.c.e.EhCacheManager - [getCache,169] - Using existing EHCache named [sys-config]
22:25:56.112 [restartedMain] INFO  o.a.s.c.e.EhCacheManager - [getCache,169] - Using existing EHCache named [sys-userCache]
22:25:56.113 [restartedMain] INFO  o.a.s.c.e.EhCacheManager - [getCache,169] - Using existing EHCache named [sys-userCache]
22:25:56.712 [restartedMain] INFO  o.a.c.h.Http11NioProtocol - [log,173] - Initializing ProtocolHandler ["http-nio-1005"]
22:25:56.726 [restartedMain] INFO  o.a.c.c.StandardService - [log,173] - Starting service [Tomcat]
22:25:56.727 [restartedMain] INFO  o.a.c.c.StandardEngine - [log,173] - Starting Servlet Engine: Apache Tomcat/9.0.13
22:25:56.742 [restartedMain] INFO  o.a.c.c.AprLifecycleListener - [log,173] - The APR based Apache Tomcat Native library which allows optimal performance in production environments was not found on the java.library.path: [C:\Users\OS\.p2\pool\plugins\org.eclipse.justj.openjdk.hotspot.jre.full.win32.x86_64_17.0.6.v20230204-1729\jre\bin;C:\Windows\Sun\Java\bin;C:\Windows\system32;C:\Windows;C:/Users/OS/.p2/pool/plugins/org.eclipse.justj.openjdk.hotspot.jre.full.win32.x86_64_17.0.6.v20230204-1729/jre/bin/server;C:/Users/OS/.p2/pool/plugins/org.eclipse.justj.openjdk.hotspot.jre.full.win32.x86_64_17.0.6.v20230204-1729/jre/bin;C:\Windows\system32;C:\Windows;C:\Windows\System32\Wbem;C:\Windows\System32\WindowsPowerShell\v1.0\;C:\Windows\System32\OpenSSH\;C:\Program Files\Git\cmd;C:\Program Files\nodejs\;D:\Maven\apache-maven-3.8.7-bin\apache-maven-3.8.7\bin;D:\Java_JDK\jdk1.8.0_191\jdk1.8.0_191\bin;C:\Program Files\dotnet\;C:\Users\OS\AppData\Local\Programs\Python\Python311\Scripts\;C:\Users\OS\AppData\Local\Programs\Python\Python311\;C:\Users\OS\AppData\Local\Microsoft\WindowsApps;C:\Users\OS\AppData\Roaming\npm;C:\Users\OS\AppData\Local\Programs\Microsoft VS Code\bin;C:\Users\OS\AppData\Local\Programs\Python\Python310;;C:\Windows\System32;;.]
22:25:56.919 [restartedMain] INFO  o.a.c.c.C.[.[.[/] - [log,173] - Initializing Spring embedded WebApplicationContext
22:25:57.468 [restartedMain] INFO  o.a.s.c.e.EhCacheManager - [getCache,169] - Using existing EHCache named [sys-dict]
22:25:57.475 [restartedMain] INFO  o.a.s.c.e.EhCacheManager - [getCache,169] - Using existing EHCache named [sys-dict]
22:25:57.479 [restartedMain] INFO  o.a.s.c.e.EhCacheManager - [getCache,169] - Using existing EHCache named [sys-dict]
22:25:57.486 [restartedMain] INFO  o.a.s.c.e.EhCacheManager - [getCache,169] - Using existing EHCache named [sys-dict]
22:25:57.492 [restartedMain] INFO  o.a.s.c.e.EhCacheManager - [getCache,169] - Using existing EHCache named [sys-dict]
22:25:57.497 [restartedMain] INFO  o.a.s.c.e.EhCacheManager - [getCache,169] - Using existing EHCache named [sys-dict]
22:25:57.503 [restartedMain] INFO  o.a.s.c.e.EhCacheManager - [getCache,169] - Using existing EHCache named [sys-dict]
22:25:57.512 [restartedMain] INFO  o.a.s.c.e.EhCacheManager - [getCache,169] - Using existing EHCache named [sys-dict]
22:25:57.519 [restartedMain] INFO  o.a.s.c.e.EhCacheManager - [getCache,169] - Using existing EHCache named [sys-dict]
22:25:57.525 [restartedMain] INFO  o.a.s.c.e.EhCacheManager - [getCache,169] - Using existing EHCache named [sys-dict]
22:25:57.962 [restartedMain] INFO  o.q.i.StdSchedulerFactory - [instantiate,1208] - Using default implementation for ThreadExecutor
22:25:57.979 [restartedMain] INFO  o.q.c.SchedulerSignalerImpl - [<init>,61] - Initialized Scheduler Signaller of type: class org.quartz.core.SchedulerSignalerImpl
22:25:57.979 [restartedMain] INFO  o.q.c.QuartzScheduler - [<init>,229] - Quartz Scheduler v.2.3.0 created.
22:25:57.990 [restartedMain] INFO  o.q.c.QuartzScheduler - [initialize,294] - Scheduler meta-data: Quartz Scheduler (v2.3.0) 'RuoyiScheduler' with instanceId 'DESKTOP-IFEAUMD1686237957964'
  Scheduler class: 'org.quartz.core.QuartzScheduler' - running locally.
  NOT STARTED.
  Currently in standby mode.
  Number of jobs executed: 0
  Using thread pool 'org.quartz.simpl.SimpleThreadPool' - with 20 threads.
  Using job-store 'org.springframework.scheduling.quartz.LocalDataSourceJobStore' - which supports persistence. and is clustered.

22:25:57.990 [restartedMain] INFO  o.q.i.StdSchedulerFactory - [instantiate,1362] - Quartz scheduler 'RuoyiScheduler' initialized from an externally provided properties instance.
22:25:57.991 [restartedMain] INFO  o.q.i.StdSchedulerFactory - [instantiate,1366] - Quartz scheduler version: 2.3.0
22:25:57.993 [restartedMain] INFO  o.q.c.QuartzScheduler - [setJobFactory,2287] - JobFactory set to: org.springframework.scheduling.quartz.AdaptableJobFactory@68bf4ea7
22:25:59.021 [restartedMain] INFO  s.d.s.w.PropertySourcedRequestMappingHandlerMapping - [initHandlerMethods,69] - Mapped URL path [/v2/api-docs] onto method [public org.springframework.http.ResponseEntity<springfox.documentation.spring.web.json.Json> springfox.documentation.swagger2.web.Swagger2Controller.getDocumentation(java.lang.String,javax.servlet.http.HttpServletRequest)]
22:26:00.140 [restartedMain] INFO  s.d.s.w.p.DocumentationPluginsBootstrapper - [start,160] - Context refreshed
22:26:00.164 [restartedMain] INFO  s.d.s.w.p.DocumentationPluginsBootstrapper - [start,163] - Found 1 custom documentation plugin(s)
22:26:00.309 [restartedMain] INFO  s.d.s.w.s.ApiListingReferenceScanner - [scan,41] - Scanning for api listing references
22:26:00.523 [restartedMain] INFO  o.a.c.h.Http11NioProtocol - [log,173] - Starting ProtocolHandler ["http-nio-1005"]
22:26:00.596 [restartedMain] INFO  o.a.t.u.n.NioSelectorPool - [log,173] - Using a shared selector for servlet write/read
22:26:00.629 [restartedMain] INFO  c.q.qlcxApplication - [logStarted,59] - Started qlcxApplication in 12.406 seconds (JVM running for 13.55)
22:26:01.570 [Quartz Scheduler [RuoyiScheduler]] INFO  o.q.c.QuartzScheduler - [start,547] - Scheduler RuoyiScheduler_$_DESKTOP-IFEAUMD1686237957964 started.
22:26:23.140 [http-nio-1005-exec-1] INFO  o.a.c.c.C.[.[.[/] - [log,173] - Initializing Spring DispatcherServlet 'dispatcherServlet'
22:26:23.205 [http-nio-1005-exec-1] INFO  o.a.s.s.m.AbstractValidatingSessionManager - [enableSessionValidation,233] - Enabling session validation scheduler...
22:26:23.212 [http-nio-1005-exec-1] INFO  o.a.s.c.e.EhCacheManager - [getCache,169] - Using existing EHCache named [shiro-activeSessionCache]
22:26:23.482 [schedule-pool-1] INFO  sys-user - [run,111] - [127.0.0.1]Intranet IP[admin][Success][Login successful]
22:26:23.673 [http-nio-1005-exec-2] INFO  o.a.s.c.e.EhCacheManager - [getCache,169] - Using existing EHCache named [sys-config]
22:26:23.678 [http-nio-1005-exec-2] INFO  o.a.s.c.e.EhCacheManager - [getCache,169] - Using existing EHCache named [sys-config]
22:26:24.211 [schedule-pool-1] INFO  c.q.f.s.w.s.OnlineWebSessionManager - [validateSessions,99] - invalidation sessions...
22:26:24.222 [schedule-pool-1] INFO  c.q.f.s.w.s.OnlineWebSessionManager - [validateSessions,158] - Finished invalidation session. No sessions were stopped.
22:26:31.003 [http-nio-1005-exec-23] INFO  o.a.s.c.e.EhCacheManager - [getCache,169] - Using existing EHCache named [sys-config]
22:26:31.006 [http-nio-1005-exec-23] INFO  o.a.s.c.e.EhCacheManager - [getCache,169] - Using existing EHCache named [sys-config]
22:36:24.215 [schedule-pool-1] INFO  c.q.f.s.w.s.OnlineWebSessionManager - [validateSessions,99] - invalidation sessions...
22:36:24.236 [schedule-pool-1] INFO  c.q.f.s.w.s.OnlineWebSessionManager - [validateSessions,158] - Finished invalidation session. No sessions were stopped.
23:02:21.554 [schedule-pool-1] INFO  c.q.f.s.w.s.OnlineWebSessionManager - [validateSessions,99] - invalidation sessions...
23:02:21.572 [schedule-pool-1] INFO  c.q.f.s.w.s.OnlineWebSessionManager - [validateSessions,158] - Finished invalidation session. No sessions were stopped.
23:02:21.573 [schedule-pool-4] INFO  c.q.f.s.w.s.OnlineWebSessionManager - [validateSessions,99] - invalidation sessions...
23:02:21.581 [schedule-pool-4] INFO  c.q.f.s.w.s.OnlineWebSessionManager - [validateSessions,158] - Finished invalidation session. No sessions were stopped.
23:06:24.210 [schedule-pool-5] INFO  c.q.f.s.w.s.OnlineWebSessionManager - [validateSessions,99] - invalidation sessions...
23:06:24.244 [schedule-pool-5] INFO  c.q.f.s.w.s.OnlineWebSessionManager - [validateSessions,158] - Finished invalidation session. No sessions were stopped.
23:16:24.208 [schedule-pool-2] INFO  c.q.f.s.w.s.OnlineWebSessionManager - [validateSessions,99] - invalidation sessions...
23:16:24.227 [schedule-pool-2] INFO  c.q.f.s.w.s.OnlineWebSessionManager - [validateSessions,158] - Finished invalidation session. No sessions were stopped.
23:26:24.210 [schedule-pool-3] INFO  c.q.f.s.w.s.OnlineWebSessionManager - [validateSessions,99] - invalidation sessions...
23:26:24.232 [schedule-pool-3] INFO  c.q.f.s.w.s.OnlineWebSessionManager - [validateSessions,158] - Finished invalidation session. No sessions were stopped.
23:27:30.764 [schedule-pool-1] INFO  sys-user - [run,111] - [127.0.0.1]Intranet IP[admin][Success][Login successful]
23:27:30.798 [http-nio-1005-exec-4] INFO  o.a.s.c.e.EhCacheManager - [getCache,169] - Using existing EHCache named [sys-config]
23:27:30.799 [http-nio-1005-exec-4] INFO  o.a.s.c.e.EhCacheManager - [getCache,169] - Using existing EHCache named [sys-config]
23:27:33.808 [http-nio-1005-exec-13] INFO  o.a.s.c.e.EhCacheManager - [getCache,169] - Using existing EHCache named [sys-config]
23:27:33.809 [http-nio-1005-exec-13] INFO  o.a.s.c.e.EhCacheManager - [getCache,169] - Using existing EHCache named [sys-config]
23:36:24.209 [schedule-pool-10] INFO  c.q.f.s.w.s.OnlineWebSessionManager - [validateSessions,99] - invalidation sessions...
23:36:24.223 [schedule-pool-10] INFO  c.q.f.s.w.s.OnlineWebSessionManager - [validateSessions,158] - Finished invalidation session. No sessions were stopped.
23:46:24.210 [schedule-pool-1] INFO  c.q.f.s.w.s.OnlineWebSessionManager - [validateSessions,99] - invalidation sessions...
23:46:24.217 [schedule-pool-1] INFO  c.q.f.s.w.s.OnlineWebSessionManager - [validateSessions,158] - Finished invalidation session. No sessions were stopped.
23:52:16.597 [schedule-pool-2] INFO  sys-user - [run,111] - [127.0.0.1]Intranet IP[admin][Logout][Logout successful]
23:52:18.491 [schedule-pool-6] INFO  sys-user - [run,111] - [127.0.0.1]Intranet IP[admin][Success][Login successful]
23:52:18.504 [http-nio-1005-exec-21] INFO  o.a.s.c.e.EhCacheManager - [getCache,169] - Using existing EHCache named [sys-config]
23:52:18.505 [http-nio-1005-exec-21] INFO  o.a.s.c.e.EhCacheManager - [getCache,169] - Using existing EHCache named [sys-config]
23:56:24.209 [schedule-pool-17] INFO  c.q.f.s.w.s.OnlineWebSessionManager - [validateSessions,99] - invalidation sessions...
23:56:24.215 [schedule-pool-17] INFO  c.q.f.s.w.s.OnlineWebSessionManager - [validateSessions,158] - Finished invalidation session. No sessions were stopped.
