22:04:48.904 [restartedMain] INFO  c.q.qlcxApplication - [logStarting,50] - Starting qlcxApplication on DESKTOP-IFEAUMD with PID 2148 (E:\PBL\qlcx-develop\qlcx-admin\target\classes started by OS in E:\PBL\qlcx-develop\qlcx-admin)
22:04:48.919 [restartedMain] INFO  c.q.qlcxApplication - [logStartupProfileInfo,679] - The following profiles are active: druid
22:04:52.654 [restartedMain] INFO  o.a.s.c.e.EhCacheManager - [getCache,158] - Cache with name 'com.qlcx.framework.shiro.realm.UserRealm.authorizationCache' does not yet exist.  Creating now.
22:04:52.655 [restartedMain] INFO  o.a.s.c.e.EhCacheManager - [getCache,165] - Added EhCache named [com.qlcx.framework.shiro.realm.UserRealm.authorizationCache]
22:04:54.063 [restartedMain] INFO  o.a.s.c.e.EhCacheManager - [getCache,169] - Using existing EHCache named [loginRecordCache]
22:05:04.834 [restartedMain] INFO  c.a.d.p.DruidDataSource - [init,991] - {dataSource-1} inited
22:05:05.328 [restartedMain] INFO  o.a.s.c.e.EhCacheManager - [getCache,169] - Using existing EHCache named [sys-config]
22:05:05.334 [restartedMain] INFO  o.a.s.c.e.EhCacheManager - [getCache,169] - Using existing EHCache named [sys-config]
22:05:05.335 [restartedMain] INFO  o.a.s.c.e.EhCacheManager - [getCache,169] - Using existing EHCache named [sys-config]
22:05:05.335 [restartedMain] INFO  o.a.s.c.e.EhCacheManager - [getCache,169] - Using existing EHCache named [sys-config]
22:05:05.336 [restartedMain] INFO  o.a.s.c.e.EhCacheManager - [getCache,169] - Using existing EHCache named [sys-config]
22:05:05.337 [restartedMain] INFO  o.a.s.c.e.EhCacheManager - [getCache,169] - Using existing EHCache named [sys-config]
22:05:05.337 [restartedMain] INFO  o.a.s.c.e.EhCacheManager - [getCache,169] - Using existing EHCache named [sys-config]
22:05:05.338 [restartedMain] INFO  o.a.s.c.e.EhCacheManager - [getCache,169] - Using existing EHCache named [sys-config]
22:05:05.508 [restartedMain] INFO  o.a.s.c.e.EhCacheManager - [getCache,169] - Using existing EHCache named [sys-userCache]
22:05:05.509 [restartedMain] INFO  o.a.s.c.e.EhCacheManager - [getCache,169] - Using existing EHCache named [sys-userCache]
22:05:06.223 [restartedMain] INFO  o.a.c.h.Http11NioProtocol - [log,173] - Initializing ProtocolHandler ["http-nio-1005"]
22:05:06.239 [restartedMain] INFO  o.a.c.c.StandardService - [log,173] - Starting service [Tomcat]
22:05:06.239 [restartedMain] INFO  o.a.c.c.StandardEngine - [log,173] - Starting Servlet Engine: Apache Tomcat/9.0.13
22:05:06.257 [restartedMain] INFO  o.a.c.c.AprLifecycleListener - [log,173] - The APR based Apache Tomcat Native library which allows optimal performance in production environments was not found on the java.library.path: [C:\Users\OS\.p2\pool\plugins\org.eclipse.justj.openjdk.hotspot.jre.full.win32.x86_64_17.0.6.v20230204-1729\jre\bin;C:\Windows\Sun\Java\bin;C:\Windows\system32;C:\Windows;C:/Users/OS/.p2/pool/plugins/org.eclipse.justj.openjdk.hotspot.jre.full.win32.x86_64_17.0.6.v20230204-1729/jre/bin/server;C:/Users/OS/.p2/pool/plugins/org.eclipse.justj.openjdk.hotspot.jre.full.win32.x86_64_17.0.6.v20230204-1729/jre/bin;C:\Windows\system32;C:\Windows;C:\Windows\System32\Wbem;C:\Windows\System32\WindowsPowerShell\v1.0\;C:\Windows\System32\OpenSSH\;C:\Program Files\Git\cmd;C:\Program Files\nodejs\;D:\Maven\apache-maven-3.8.7-bin\apache-maven-3.8.7\bin;D:\Java_JDK\jdk1.8.0_191\jdk1.8.0_191\bin;C:\Program Files\dotnet\;C:\Users\OS\AppData\Local\Programs\Python\Python311\Scripts\;C:\Users\OS\AppData\Local\Programs\Python\Python311\;C:\Users\OS\AppData\Local\Microsoft\WindowsApps;C:\Users\OS\AppData\Roaming\npm;C:\Users\OS\AppData\Local\Programs\Microsoft VS Code\bin;C:\Users\OS\AppData\Local\Programs\Python\Python310;;C:\Windows\System32;;.]
22:05:06.457 [restartedMain] INFO  o.a.c.c.C.[.[.[/] - [log,173] - Initializing Spring embedded WebApplicationContext
22:05:07.343 [restartedMain] INFO  o.a.s.c.e.EhCacheManager - [getCache,169] - Using existing EHCache named [sys-dict]
22:05:07.444 [restartedMain] INFO  o.a.s.c.e.EhCacheManager - [getCache,169] - Using existing EHCache named [sys-dict]
22:05:07.541 [restartedMain] INFO  o.a.s.c.e.EhCacheManager - [getCache,169] - Using existing EHCache named [sys-dict]
22:05:07.751 [restartedMain] INFO  o.a.s.c.e.EhCacheManager - [getCache,169] - Using existing EHCache named [sys-dict]
22:05:07.853 [restartedMain] INFO  o.a.s.c.e.EhCacheManager - [getCache,169] - Using existing EHCache named [sys-dict]
22:05:07.957 [restartedMain] INFO  o.a.s.c.e.EhCacheManager - [getCache,169] - Using existing EHCache named [sys-dict]
22:05:08.103 [restartedMain] INFO  o.a.s.c.e.EhCacheManager - [getCache,169] - Using existing EHCache named [sys-dict]
22:05:08.617 [restartedMain] INFO  o.a.s.c.e.EhCacheManager - [getCache,169] - Using existing EHCache named [sys-dict]
22:05:08.793 [restartedMain] INFO  o.a.s.c.e.EhCacheManager - [getCache,169] - Using existing EHCache named [sys-dict]
22:05:09.029 [restartedMain] INFO  o.a.s.c.e.EhCacheManager - [getCache,169] - Using existing EHCache named [sys-dict]
22:05:09.526 [restartedMain] INFO  o.q.i.StdSchedulerFactory - [instantiate,1208] - Using default implementation for ThreadExecutor
22:05:09.550 [restartedMain] INFO  o.q.c.SchedulerSignalerImpl - [<init>,61] - Initialized Scheduler Signaller of type: class org.quartz.core.SchedulerSignalerImpl
22:05:09.550 [restartedMain] INFO  o.q.c.QuartzScheduler - [<init>,229] - Quartz Scheduler v.2.3.0 created.
22:05:09.562 [restartedMain] INFO  o.q.c.QuartzScheduler - [initialize,294] - Scheduler meta-data: Quartz Scheduler (v2.3.0) 'RuoyiScheduler' with instanceId 'DESKTOP-IFEAUMD1686063909529'
  Scheduler class: 'org.quartz.core.QuartzScheduler' - running locally.
  NOT STARTED.
  Currently in standby mode.
  Number of jobs executed: 0
  Using thread pool 'org.quartz.simpl.SimpleThreadPool' - with 20 threads.
  Using job-store 'org.springframework.scheduling.quartz.LocalDataSourceJobStore' - which supports persistence. and is clustered.

22:05:09.562 [restartedMain] INFO  o.q.i.StdSchedulerFactory - [instantiate,1362] - Quartz scheduler 'RuoyiScheduler' initialized from an externally provided properties instance.
22:05:09.562 [restartedMain] INFO  o.q.i.StdSchedulerFactory - [instantiate,1366] - Quartz scheduler version: 2.3.0
22:05:09.566 [restartedMain] INFO  o.q.c.QuartzScheduler - [setJobFactory,2287] - JobFactory set to: org.springframework.scheduling.quartz.AdaptableJobFactory@d5ffcb5
22:05:12.312 [restartedMain] INFO  o.q.c.QuartzScheduler - [shutdown,666] - Scheduler RuoyiScheduler_$_DESKTOP-IFEAUMD1686063909529 shutting down.
22:05:12.312 [restartedMain] INFO  o.q.c.QuartzScheduler - [standby,585] - Scheduler RuoyiScheduler_$_DESKTOP-IFEAUMD1686063909529 paused.
22:05:12.312 [restartedMain] INFO  o.q.c.QuartzScheduler - [shutdown,740] - Scheduler RuoyiScheduler_$_DESKTOP-IFEAUMD1686063909529 shutdown complete.
22:05:12.312 [restartedMain] INFO  sys-user - [shutdownAsyncManager,64] - ====Close background task task thread pool====
22:05:12.316 [restartedMain] INFO  sys-user - [shutdownEhCacheManager,77] - ====Turn off the cache====
22:05:12.379 [restartedMain] INFO  c.a.d.p.DruidDataSource - [close,1928] - {dataSource-1} closed
22:05:12.386 [restartedMain] INFO  o.a.c.c.StandardService - [log,173] - Stopping service [Tomcat]
22:11:12.096 [restartedMain] INFO  c.q.qlcxApplication - [logStarting,50] - Starting qlcxApplication on DESKTOP-IFEAUMD with PID 8492 (E:\PBL\qlcx-develop\qlcx-admin\target\classes started by OS in E:\PBL\qlcx-develop\qlcx-admin)
22:11:12.104 [restartedMain] INFO  c.q.qlcxApplication - [logStartupProfileInfo,679] - The following profiles are active: druid
22:11:15.834 [restartedMain] INFO  o.a.s.c.e.EhCacheManager - [getCache,158] - Cache with name 'com.qlcx.framework.shiro.realm.UserRealm.authorizationCache' does not yet exist.  Creating now.
22:11:15.835 [restartedMain] INFO  o.a.s.c.e.EhCacheManager - [getCache,165] - Added EhCache named [com.qlcx.framework.shiro.realm.UserRealm.authorizationCache]
22:11:17.229 [restartedMain] INFO  o.a.s.c.e.EhCacheManager - [getCache,169] - Using existing EHCache named [loginRecordCache]
22:11:25.266 [restartedMain] INFO  c.a.d.p.DruidDataSource - [init,991] - {dataSource-1} inited
22:11:25.610 [restartedMain] INFO  o.a.s.c.e.EhCacheManager - [getCache,169] - Using existing EHCache named [sys-config]
22:11:25.615 [restartedMain] INFO  o.a.s.c.e.EhCacheManager - [getCache,169] - Using existing EHCache named [sys-config]
22:11:25.615 [restartedMain] INFO  o.a.s.c.e.EhCacheManager - [getCache,169] - Using existing EHCache named [sys-config]
22:11:25.616 [restartedMain] INFO  o.a.s.c.e.EhCacheManager - [getCache,169] - Using existing EHCache named [sys-config]
22:11:25.617 [restartedMain] INFO  o.a.s.c.e.EhCacheManager - [getCache,169] - Using existing EHCache named [sys-config]
22:11:25.617 [restartedMain] INFO  o.a.s.c.e.EhCacheManager - [getCache,169] - Using existing EHCache named [sys-config]
22:11:25.618 [restartedMain] INFO  o.a.s.c.e.EhCacheManager - [getCache,169] - Using existing EHCache named [sys-config]
22:11:25.618 [restartedMain] INFO  o.a.s.c.e.EhCacheManager - [getCache,169] - Using existing EHCache named [sys-config]
22:11:25.833 [restartedMain] INFO  o.a.s.c.e.EhCacheManager - [getCache,169] - Using existing EHCache named [sys-userCache]
22:11:25.834 [restartedMain] INFO  o.a.s.c.e.EhCacheManager - [getCache,169] - Using existing EHCache named [sys-userCache]
22:11:26.552 [restartedMain] INFO  o.a.c.h.Http11NioProtocol - [log,173] - Initializing ProtocolHandler ["http-nio-1005"]
22:11:26.574 [restartedMain] INFO  o.a.c.c.StandardService - [log,173] - Starting service [Tomcat]
22:11:26.575 [restartedMain] INFO  o.a.c.c.StandardEngine - [log,173] - Starting Servlet Engine: Apache Tomcat/9.0.13
22:11:26.595 [restartedMain] INFO  o.a.c.c.AprLifecycleListener - [log,173] - The APR based Apache Tomcat Native library which allows optimal performance in production environments was not found on the java.library.path: [C:\Users\OS\.p2\pool\plugins\org.eclipse.justj.openjdk.hotspot.jre.full.win32.x86_64_17.0.6.v20230204-1729\jre\bin;C:\Windows\Sun\Java\bin;C:\Windows\system32;C:\Windows;C:/Users/OS/.p2/pool/plugins/org.eclipse.justj.openjdk.hotspot.jre.full.win32.x86_64_17.0.6.v20230204-1729/jre/bin/server;C:/Users/OS/.p2/pool/plugins/org.eclipse.justj.openjdk.hotspot.jre.full.win32.x86_64_17.0.6.v20230204-1729/jre/bin;C:\Windows\system32;C:\Windows;C:\Windows\System32\Wbem;C:\Windows\System32\WindowsPowerShell\v1.0\;C:\Windows\System32\OpenSSH\;C:\Program Files\Git\cmd;C:\Program Files\nodejs\;D:\Maven\apache-maven-3.8.7-bin\apache-maven-3.8.7\bin;D:\Java_JDK\jdk1.8.0_191\jdk1.8.0_191\bin;C:\Program Files\dotnet\;C:\Users\OS\AppData\Local\Programs\Python\Python311\Scripts\;C:\Users\OS\AppData\Local\Programs\Python\Python311\;C:\Users\OS\AppData\Local\Microsoft\WindowsApps;C:\Users\OS\AppData\Roaming\npm;C:\Users\OS\AppData\Local\Programs\Microsoft VS Code\bin;C:\Users\OS\AppData\Local\Programs\Python\Python310;;C:\Windows\System32;;.]
22:11:26.801 [restartedMain] INFO  o.a.c.c.C.[.[.[/] - [log,173] - Initializing Spring embedded WebApplicationContext
22:11:27.656 [restartedMain] INFO  o.a.s.c.e.EhCacheManager - [getCache,169] - Using existing EHCache named [sys-dict]
22:11:27.824 [restartedMain] INFO  o.a.s.c.e.EhCacheManager - [getCache,169] - Using existing EHCache named [sys-dict]
22:11:27.936 [restartedMain] INFO  o.a.s.c.e.EhCacheManager - [getCache,169] - Using existing EHCache named [sys-dict]
22:11:28.044 [restartedMain] INFO  o.a.s.c.e.EhCacheManager - [getCache,169] - Using existing EHCache named [sys-dict]
22:11:28.175 [restartedMain] INFO  o.a.s.c.e.EhCacheManager - [getCache,169] - Using existing EHCache named [sys-dict]
22:11:28.278 [restartedMain] INFO  o.a.s.c.e.EhCacheManager - [getCache,169] - Using existing EHCache named [sys-dict]
22:11:28.411 [restartedMain] INFO  o.a.s.c.e.EhCacheManager - [getCache,169] - Using existing EHCache named [sys-dict]
22:11:28.603 [restartedMain] INFO  o.a.s.c.e.EhCacheManager - [getCache,169] - Using existing EHCache named [sys-dict]
22:11:28.719 [restartedMain] INFO  o.a.s.c.e.EhCacheManager - [getCache,169] - Using existing EHCache named [sys-dict]
22:11:28.827 [restartedMain] INFO  o.a.s.c.e.EhCacheManager - [getCache,169] - Using existing EHCache named [sys-dict]
22:11:29.477 [restartedMain] INFO  o.q.i.StdSchedulerFactory - [instantiate,1208] - Using default implementation for ThreadExecutor
22:11:29.501 [restartedMain] INFO  o.q.c.SchedulerSignalerImpl - [<init>,61] - Initialized Scheduler Signaller of type: class org.quartz.core.SchedulerSignalerImpl
22:11:29.502 [restartedMain] INFO  o.q.c.QuartzScheduler - [<init>,229] - Quartz Scheduler v.2.3.0 created.
22:11:29.513 [restartedMain] INFO  o.q.c.QuartzScheduler - [initialize,294] - Scheduler meta-data: Quartz Scheduler (v2.3.0) 'RuoyiScheduler' with instanceId 'DESKTOP-IFEAUMD1686064289481'
  Scheduler class: 'org.quartz.core.QuartzScheduler' - running locally.
  NOT STARTED.
  Currently in standby mode.
  Number of jobs executed: 0
  Using thread pool 'org.quartz.simpl.SimpleThreadPool' - with 20 threads.
  Using job-store 'org.springframework.scheduling.quartz.LocalDataSourceJobStore' - which supports persistence. and is clustered.

22:11:29.514 [restartedMain] INFO  o.q.i.StdSchedulerFactory - [instantiate,1362] - Quartz scheduler 'RuoyiScheduler' initialized from an externally provided properties instance.
22:11:29.514 [restartedMain] INFO  o.q.i.StdSchedulerFactory - [instantiate,1366] - Quartz scheduler version: 2.3.0
22:11:29.518 [restartedMain] INFO  o.q.c.QuartzScheduler - [setJobFactory,2287] - JobFactory set to: org.springframework.scheduling.quartz.AdaptableJobFactory@5ddec8c7
22:11:32.156 [restartedMain] INFO  o.q.c.QuartzScheduler - [shutdown,666] - Scheduler RuoyiScheduler_$_DESKTOP-IFEAUMD1686064289481 shutting down.
22:11:32.157 [restartedMain] INFO  o.q.c.QuartzScheduler - [standby,585] - Scheduler RuoyiScheduler_$_DESKTOP-IFEAUMD1686064289481 paused.
22:11:32.158 [restartedMain] INFO  o.q.c.QuartzScheduler - [shutdown,740] - Scheduler RuoyiScheduler_$_DESKTOP-IFEAUMD1686064289481 shutdown complete.
22:11:32.159 [restartedMain] INFO  sys-user - [shutdownAsyncManager,64] - ====Close background task task thread pool====
22:11:32.165 [restartedMain] INFO  sys-user - [shutdownEhCacheManager,77] - ====Turn off the cache====
22:11:32.214 [restartedMain] INFO  c.a.d.p.DruidDataSource - [close,1928] - {dataSource-1} closed
22:11:32.220 [restartedMain] INFO  o.a.c.c.StandardService - [log,173] - Stopping service [Tomcat]
22:15:43.582 [restartedMain] INFO  c.q.qlcxApplication - [logStarting,50] - Starting qlcxApplication on DESKTOP-IFEAUMD with PID 6216 (E:\PBL\qlcx-develop\qlcx-admin\target\classes started by OS in E:\PBL\qlcx-develop\qlcx-admin)
22:15:43.586 [restartedMain] INFO  c.q.qlcxApplication - [logStartupProfileInfo,679] - The following profiles are active: druid
22:15:46.885 [restartedMain] INFO  o.a.s.c.e.EhCacheManager - [getCache,158] - Cache with name 'com.qlcx.framework.shiro.realm.UserRealm.authorizationCache' does not yet exist.  Creating now.
22:15:46.887 [restartedMain] INFO  o.a.s.c.e.EhCacheManager - [getCache,165] - Added EhCache named [com.qlcx.framework.shiro.realm.UserRealm.authorizationCache]
22:15:48.422 [restartedMain] INFO  o.a.s.c.e.EhCacheManager - [getCache,169] - Using existing EHCache named [loginRecordCache]
22:15:56.151 [restartedMain] INFO  c.a.d.p.DruidDataSource - [init,991] - {dataSource-1} inited
22:15:56.565 [restartedMain] INFO  o.a.s.c.e.EhCacheManager - [getCache,169] - Using existing EHCache named [sys-config]
22:15:56.572 [restartedMain] INFO  o.a.s.c.e.EhCacheManager - [getCache,169] - Using existing EHCache named [sys-config]
22:15:56.573 [restartedMain] INFO  o.a.s.c.e.EhCacheManager - [getCache,169] - Using existing EHCache named [sys-config]
22:15:56.574 [restartedMain] INFO  o.a.s.c.e.EhCacheManager - [getCache,169] - Using existing EHCache named [sys-config]
22:15:56.576 [restartedMain] INFO  o.a.s.c.e.EhCacheManager - [getCache,169] - Using existing EHCache named [sys-config]
22:15:56.577 [restartedMain] INFO  o.a.s.c.e.EhCacheManager - [getCache,169] - Using existing EHCache named [sys-config]
22:15:56.578 [restartedMain] INFO  o.a.s.c.e.EhCacheManager - [getCache,169] - Using existing EHCache named [sys-config]
22:15:56.578 [restartedMain] INFO  o.a.s.c.e.EhCacheManager - [getCache,169] - Using existing EHCache named [sys-config]
22:15:56.933 [restartedMain] INFO  o.a.s.c.e.EhCacheManager - [getCache,169] - Using existing EHCache named [sys-userCache]
22:15:56.934 [restartedMain] INFO  o.a.s.c.e.EhCacheManager - [getCache,169] - Using existing EHCache named [sys-userCache]
22:15:57.918 [restartedMain] INFO  o.a.c.h.Http11NioProtocol - [log,173] - Initializing ProtocolHandler ["http-nio-1005"]
22:15:57.941 [restartedMain] INFO  o.a.c.c.StandardService - [log,173] - Starting service [Tomcat]
22:15:57.941 [restartedMain] INFO  o.a.c.c.StandardEngine - [log,173] - Starting Servlet Engine: Apache Tomcat/9.0.13
22:15:57.957 [restartedMain] INFO  o.a.c.c.AprLifecycleListener - [log,173] - The APR based Apache Tomcat Native library which allows optimal performance in production environments was not found on the java.library.path: [C:\Users\OS\.p2\pool\plugins\org.eclipse.justj.openjdk.hotspot.jre.full.win32.x86_64_17.0.6.v20230204-1729\jre\bin;C:\Windows\Sun\Java\bin;C:\Windows\system32;C:\Windows;C:/Users/OS/.p2/pool/plugins/org.eclipse.justj.openjdk.hotspot.jre.full.win32.x86_64_17.0.6.v20230204-1729/jre/bin/server;C:/Users/OS/.p2/pool/plugins/org.eclipse.justj.openjdk.hotspot.jre.full.win32.x86_64_17.0.6.v20230204-1729/jre/bin;C:\Windows\system32;C:\Windows;C:\Windows\System32\Wbem;C:\Windows\System32\WindowsPowerShell\v1.0\;C:\Windows\System32\OpenSSH\;C:\Program Files\Git\cmd;C:\Program Files\nodejs\;D:\Maven\apache-maven-3.8.7-bin\apache-maven-3.8.7\bin;D:\Java_JDK\jdk1.8.0_191\jdk1.8.0_191\bin;C:\Program Files\dotnet\;C:\Users\OS\AppData\Local\Programs\Python\Python311\Scripts\;C:\Users\OS\AppData\Local\Programs\Python\Python311\;C:\Users\OS\AppData\Local\Microsoft\WindowsApps;C:\Users\OS\AppData\Roaming\npm;C:\Users\OS\AppData\Local\Programs\Microsoft VS Code\bin;C:\Users\OS\AppData\Local\Programs\Python\Python310;;C:\Windows\System32;;.]
22:15:58.156 [restartedMain] INFO  o.a.c.c.C.[.[.[/] - [log,173] - Initializing Spring embedded WebApplicationContext
22:15:59.012 [restartedMain] INFO  o.a.s.c.e.EhCacheManager - [getCache,169] - Using existing EHCache named [sys-dict]
22:15:59.116 [restartedMain] INFO  o.a.s.c.e.EhCacheManager - [getCache,169] - Using existing EHCache named [sys-dict]
22:15:59.352 [restartedMain] INFO  o.a.s.c.e.EhCacheManager - [getCache,169] - Using existing EHCache named [sys-dict]
22:15:59.482 [restartedMain] INFO  o.a.s.c.e.EhCacheManager - [getCache,169] - Using existing EHCache named [sys-dict]
22:15:59.679 [restartedMain] INFO  o.a.s.c.e.EhCacheManager - [getCache,169] - Using existing EHCache named [sys-dict]
22:15:59.923 [restartedMain] INFO  o.a.s.c.e.EhCacheManager - [getCache,169] - Using existing EHCache named [sys-dict]
22:16:00.030 [restartedMain] INFO  o.a.s.c.e.EhCacheManager - [getCache,169] - Using existing EHCache named [sys-dict]
22:16:00.141 [restartedMain] INFO  o.a.s.c.e.EhCacheManager - [getCache,169] - Using existing EHCache named [sys-dict]
22:16:00.257 [restartedMain] INFO  o.a.s.c.e.EhCacheManager - [getCache,169] - Using existing EHCache named [sys-dict]
22:16:00.368 [restartedMain] INFO  o.a.s.c.e.EhCacheManager - [getCache,169] - Using existing EHCache named [sys-dict]
22:16:00.814 [restartedMain] INFO  o.q.i.StdSchedulerFactory - [instantiate,1208] - Using default implementation for ThreadExecutor
22:16:00.832 [restartedMain] INFO  o.q.c.SchedulerSignalerImpl - [<init>,61] - Initialized Scheduler Signaller of type: class org.quartz.core.SchedulerSignalerImpl
22:16:00.833 [restartedMain] INFO  o.q.c.QuartzScheduler - [<init>,229] - Quartz Scheduler v.2.3.0 created.
22:16:00.841 [restartedMain] INFO  o.q.c.QuartzScheduler - [initialize,294] - Scheduler meta-data: Quartz Scheduler (v2.3.0) 'RuoyiScheduler' with instanceId 'DESKTOP-IFEAUMD1686064560818'
  Scheduler class: 'org.quartz.core.QuartzScheduler' - running locally.
  NOT STARTED.
  Currently in standby mode.
  Number of jobs executed: 0
  Using thread pool 'org.quartz.simpl.SimpleThreadPool' - with 20 threads.
  Using job-store 'org.springframework.scheduling.quartz.LocalDataSourceJobStore' - which supports persistence. and is clustered.

22:16:00.842 [restartedMain] INFO  o.q.i.StdSchedulerFactory - [instantiate,1362] - Quartz scheduler 'RuoyiScheduler' initialized from an externally provided properties instance.
22:16:00.842 [restartedMain] INFO  o.q.i.StdSchedulerFactory - [instantiate,1366] - Quartz scheduler version: 2.3.0
22:16:00.845 [restartedMain] INFO  o.q.c.QuartzScheduler - [setJobFactory,2287] - JobFactory set to: org.springframework.scheduling.quartz.AdaptableJobFactory@7a2940aa
22:16:03.878 [restartedMain] INFO  o.q.c.QuartzScheduler - [shutdown,666] - Scheduler RuoyiScheduler_$_DESKTOP-IFEAUMD1686064560818 shutting down.
22:16:03.879 [restartedMain] INFO  o.q.c.QuartzScheduler - [standby,585] - Scheduler RuoyiScheduler_$_DESKTOP-IFEAUMD1686064560818 paused.
22:16:03.880 [restartedMain] INFO  o.q.c.QuartzScheduler - [shutdown,740] - Scheduler RuoyiScheduler_$_DESKTOP-IFEAUMD1686064560818 shutdown complete.
22:16:03.881 [restartedMain] INFO  sys-user - [shutdownAsyncManager,64] - ====Close background task task thread pool====
22:16:03.887 [restartedMain] INFO  sys-user - [shutdownEhCacheManager,77] - ====Turn off the cache====
22:16:03.924 [restartedMain] INFO  c.a.d.p.DruidDataSource - [close,1928] - {dataSource-1} closed
22:16:03.929 [restartedMain] INFO  o.a.c.c.StandardService - [log,173] - Stopping service [Tomcat]
22:19:08.160 [restartedMain] INFO  c.q.qlcxApplication - [logStarting,50] - Starting qlcxApplication on DESKTOP-IFEAUMD with PID 8532 (E:\PBL\qlcx-develop\qlcx-admin\target\classes started by OS in E:\PBL\qlcx-develop\qlcx-admin)
22:19:08.166 [restartedMain] INFO  c.q.qlcxApplication - [logStartupProfileInfo,679] - The following profiles are active: druid
22:19:11.447 [restartedMain] INFO  o.a.s.c.e.EhCacheManager - [getCache,158] - Cache with name 'com.qlcx.framework.shiro.realm.UserRealm.authorizationCache' does not yet exist.  Creating now.
22:19:11.449 [restartedMain] INFO  o.a.s.c.e.EhCacheManager - [getCache,165] - Added EhCache named [com.qlcx.framework.shiro.realm.UserRealm.authorizationCache]
22:19:12.878 [restartedMain] INFO  o.a.s.c.e.EhCacheManager - [getCache,169] - Using existing EHCache named [loginRecordCache]
22:19:20.749 [restartedMain] INFO  c.a.d.p.DruidDataSource - [init,991] - {dataSource-1} inited
22:19:21.050 [restartedMain] INFO  o.a.s.c.e.EhCacheManager - [getCache,169] - Using existing EHCache named [sys-config]
22:19:21.055 [restartedMain] INFO  o.a.s.c.e.EhCacheManager - [getCache,169] - Using existing EHCache named [sys-config]
22:19:21.056 [restartedMain] INFO  o.a.s.c.e.EhCacheManager - [getCache,169] - Using existing EHCache named [sys-config]
22:19:21.057 [restartedMain] INFO  o.a.s.c.e.EhCacheManager - [getCache,169] - Using existing EHCache named [sys-config]
22:19:21.057 [restartedMain] INFO  o.a.s.c.e.EhCacheManager - [getCache,169] - Using existing EHCache named [sys-config]
22:19:21.059 [restartedMain] INFO  o.a.s.c.e.EhCacheManager - [getCache,169] - Using existing EHCache named [sys-config]
22:19:21.059 [restartedMain] INFO  o.a.s.c.e.EhCacheManager - [getCache,169] - Using existing EHCache named [sys-config]
22:19:21.059 [restartedMain] INFO  o.a.s.c.e.EhCacheManager - [getCache,169] - Using existing EHCache named [sys-config]
22:19:21.242 [restartedMain] INFO  o.a.s.c.e.EhCacheManager - [getCache,169] - Using existing EHCache named [sys-userCache]
22:19:21.243 [restartedMain] INFO  o.a.s.c.e.EhCacheManager - [getCache,169] - Using existing EHCache named [sys-userCache]
22:19:21.804 [restartedMain] INFO  o.a.c.h.Http11NioProtocol - [log,173] - Initializing ProtocolHandler ["http-nio-1005"]
22:19:21.817 [restartedMain] INFO  o.a.c.c.StandardService - [log,173] - Starting service [Tomcat]
22:19:21.818 [restartedMain] INFO  o.a.c.c.StandardEngine - [log,173] - Starting Servlet Engine: Apache Tomcat/9.0.13
22:19:21.834 [restartedMain] INFO  o.a.c.c.AprLifecycleListener - [log,173] - The APR based Apache Tomcat Native library which allows optimal performance in production environments was not found on the java.library.path: [C:\Users\OS\.p2\pool\plugins\org.eclipse.justj.openjdk.hotspot.jre.full.win32.x86_64_17.0.6.v20230204-1729\jre\bin;C:\Windows\Sun\Java\bin;C:\Windows\system32;C:\Windows;C:/Users/OS/.p2/pool/plugins/org.eclipse.justj.openjdk.hotspot.jre.full.win32.x86_64_17.0.6.v20230204-1729/jre/bin/server;C:/Users/OS/.p2/pool/plugins/org.eclipse.justj.openjdk.hotspot.jre.full.win32.x86_64_17.0.6.v20230204-1729/jre/bin;C:\Windows\system32;C:\Windows;C:\Windows\System32\Wbem;C:\Windows\System32\WindowsPowerShell\v1.0\;C:\Windows\System32\OpenSSH\;C:\Program Files\Git\cmd;C:\Program Files\nodejs\;D:\Maven\apache-maven-3.8.7-bin\apache-maven-3.8.7\bin;D:\Java_JDK\jdk1.8.0_191\jdk1.8.0_191\bin;C:\Program Files\dotnet\;C:\Users\OS\AppData\Local\Programs\Python\Python311\Scripts\;C:\Users\OS\AppData\Local\Programs\Python\Python311\;C:\Users\OS\AppData\Local\Microsoft\WindowsApps;C:\Users\OS\AppData\Roaming\npm;C:\Users\OS\AppData\Local\Programs\Microsoft VS Code\bin;C:\Users\OS\AppData\Local\Programs\Python\Python310;;C:\Windows\System32;;.]
22:19:21.988 [restartedMain] INFO  o.a.c.c.C.[.[.[/] - [log,173] - Initializing Spring embedded WebApplicationContext
22:19:22.774 [restartedMain] INFO  o.a.s.c.e.EhCacheManager - [getCache,169] - Using existing EHCache named [sys-dict]
22:19:22.894 [restartedMain] INFO  o.a.s.c.e.EhCacheManager - [getCache,169] - Using existing EHCache named [sys-dict]
22:19:23.031 [restartedMain] INFO  o.a.s.c.e.EhCacheManager - [getCache,169] - Using existing EHCache named [sys-dict]
22:19:23.200 [restartedMain] INFO  o.a.s.c.e.EhCacheManager - [getCache,169] - Using existing EHCache named [sys-dict]
22:19:23.368 [restartedMain] INFO  o.a.s.c.e.EhCacheManager - [getCache,169] - Using existing EHCache named [sys-dict]
22:19:23.493 [restartedMain] INFO  o.a.s.c.e.EhCacheManager - [getCache,169] - Using existing EHCache named [sys-dict]
22:19:23.658 [restartedMain] INFO  o.a.s.c.e.EhCacheManager - [getCache,169] - Using existing EHCache named [sys-dict]
22:19:23.792 [restartedMain] INFO  o.a.s.c.e.EhCacheManager - [getCache,169] - Using existing EHCache named [sys-dict]
22:19:23.919 [restartedMain] INFO  o.a.s.c.e.EhCacheManager - [getCache,169] - Using existing EHCache named [sys-dict]
22:19:24.098 [restartedMain] INFO  o.a.s.c.e.EhCacheManager - [getCache,169] - Using existing EHCache named [sys-dict]
22:19:24.514 [restartedMain] INFO  o.q.i.StdSchedulerFactory - [instantiate,1208] - Using default implementation for ThreadExecutor
22:19:24.533 [restartedMain] INFO  o.q.c.SchedulerSignalerImpl - [<init>,61] - Initialized Scheduler Signaller of type: class org.quartz.core.SchedulerSignalerImpl
22:19:24.533 [restartedMain] INFO  o.q.c.QuartzScheduler - [<init>,229] - Quartz Scheduler v.2.3.0 created.
22:19:24.544 [restartedMain] INFO  o.q.c.QuartzScheduler - [initialize,294] - Scheduler meta-data: Quartz Scheduler (v2.3.0) 'RuoyiScheduler' with instanceId 'DESKTOP-IFEAUMD1686064764518'
  Scheduler class: 'org.quartz.core.QuartzScheduler' - running locally.
  NOT STARTED.
  Currently in standby mode.
  Number of jobs executed: 0
  Using thread pool 'org.quartz.simpl.SimpleThreadPool' - with 20 threads.
  Using job-store 'org.springframework.scheduling.quartz.LocalDataSourceJobStore' - which supports persistence. and is clustered.

22:19:24.545 [restartedMain] INFO  o.q.i.StdSchedulerFactory - [instantiate,1362] - Quartz scheduler 'RuoyiScheduler' initialized from an externally provided properties instance.
22:19:24.545 [restartedMain] INFO  o.q.i.StdSchedulerFactory - [instantiate,1366] - Quartz scheduler version: 2.3.0
22:19:24.547 [restartedMain] INFO  o.q.c.QuartzScheduler - [setJobFactory,2287] - JobFactory set to: org.springframework.scheduling.quartz.AdaptableJobFactory@729ef6d4
22:19:27.233 [restartedMain] INFO  o.q.c.QuartzScheduler - [shutdown,666] - Scheduler RuoyiScheduler_$_DESKTOP-IFEAUMD1686064764518 shutting down.
22:19:27.233 [restartedMain] INFO  o.q.c.QuartzScheduler - [standby,585] - Scheduler RuoyiScheduler_$_DESKTOP-IFEAUMD1686064764518 paused.
22:19:27.234 [restartedMain] INFO  o.q.c.QuartzScheduler - [shutdown,740] - Scheduler RuoyiScheduler_$_DESKTOP-IFEAUMD1686064764518 shutdown complete.
22:19:27.235 [restartedMain] INFO  sys-user - [shutdownAsyncManager,64] - ====Close background task task thread pool====
22:19:27.239 [restartedMain] INFO  sys-user - [shutdownEhCacheManager,77] - ====Turn off the cache====
22:19:27.283 [restartedMain] INFO  c.a.d.p.DruidDataSource - [close,1928] - {dataSource-1} closed
22:19:27.287 [restartedMain] INFO  o.a.c.c.StandardService - [log,173] - Stopping service [Tomcat]
22:23:48.888 [restartedMain] INFO  c.q.qlcxApplication - [logStarting,50] - Starting qlcxApplication on DESKTOP-IFEAUMD with PID 4764 (E:\PBL\qlcx-develop\qlcx-admin\target\classes started by OS in E:\PBL\qlcx-develop\qlcx-admin)
22:23:48.895 [restartedMain] INFO  c.q.qlcxApplication - [logStartupProfileInfo,679] - The following profiles are active: druid
22:23:52.563 [restartedMain] INFO  o.a.s.c.e.EhCacheManager - [getCache,158] - Cache with name 'com.qlcx.framework.shiro.realm.UserRealm.authorizationCache' does not yet exist.  Creating now.
22:23:52.564 [restartedMain] INFO  o.a.s.c.e.EhCacheManager - [getCache,165] - Added EhCache named [com.qlcx.framework.shiro.realm.UserRealm.authorizationCache]
22:23:54.047 [restartedMain] INFO  o.a.s.c.e.EhCacheManager - [getCache,169] - Using existing EHCache named [loginRecordCache]
22:24:08.587 [restartedMain] INFO  c.a.d.p.DruidDataSource - [init,991] - {dataSource-1} inited
22:24:08.982 [restartedMain] INFO  o.a.s.c.e.EhCacheManager - [getCache,169] - Using existing EHCache named [sys-config]
22:24:08.988 [restartedMain] INFO  o.a.s.c.e.EhCacheManager - [getCache,169] - Using existing EHCache named [sys-config]
22:24:08.988 [restartedMain] INFO  o.a.s.c.e.EhCacheManager - [getCache,169] - Using existing EHCache named [sys-config]
22:24:08.989 [restartedMain] INFO  o.a.s.c.e.EhCacheManager - [getCache,169] - Using existing EHCache named [sys-config]
22:24:08.990 [restartedMain] INFO  o.a.s.c.e.EhCacheManager - [getCache,169] - Using existing EHCache named [sys-config]
22:24:08.992 [restartedMain] INFO  o.a.s.c.e.EhCacheManager - [getCache,169] - Using existing EHCache named [sys-config]
22:24:08.993 [restartedMain] INFO  o.a.s.c.e.EhCacheManager - [getCache,169] - Using existing EHCache named [sys-config]
22:24:08.995 [restartedMain] INFO  o.a.s.c.e.EhCacheManager - [getCache,169] - Using existing EHCache named [sys-config]
22:24:09.219 [restartedMain] INFO  o.a.s.c.e.EhCacheManager - [getCache,169] - Using existing EHCache named [sys-userCache]
22:24:09.220 [restartedMain] INFO  o.a.s.c.e.EhCacheManager - [getCache,169] - Using existing EHCache named [sys-userCache]
22:24:09.859 [restartedMain] INFO  o.a.c.h.Http11NioProtocol - [log,173] - Initializing ProtocolHandler ["http-nio-1005"]
22:24:09.874 [restartedMain] INFO  o.a.c.c.StandardService - [log,173] - Starting service [Tomcat]
22:24:09.875 [restartedMain] INFO  o.a.c.c.StandardEngine - [log,173] - Starting Servlet Engine: Apache Tomcat/9.0.13
22:24:09.888 [restartedMain] INFO  o.a.c.c.AprLifecycleListener - [log,173] - The APR based Apache Tomcat Native library which allows optimal performance in production environments was not found on the java.library.path: [C:\Users\OS\.p2\pool\plugins\org.eclipse.justj.openjdk.hotspot.jre.full.win32.x86_64_17.0.6.v20230204-1729\jre\bin;C:\Windows\Sun\Java\bin;C:\Windows\system32;C:\Windows;C:/Users/OS/.p2/pool/plugins/org.eclipse.justj.openjdk.hotspot.jre.full.win32.x86_64_17.0.6.v20230204-1729/jre/bin/server;C:/Users/OS/.p2/pool/plugins/org.eclipse.justj.openjdk.hotspot.jre.full.win32.x86_64_17.0.6.v20230204-1729/jre/bin;C:\Windows\system32;C:\Windows;C:\Windows\System32\Wbem;C:\Windows\System32\WindowsPowerShell\v1.0\;C:\Windows\System32\OpenSSH\;C:\Program Files\Git\cmd;C:\Program Files\nodejs\;D:\Maven\apache-maven-3.8.7-bin\apache-maven-3.8.7\bin;D:\Java_JDK\jdk1.8.0_191\jdk1.8.0_191\bin;C:\Program Files\dotnet\;C:\Users\OS\AppData\Local\Programs\Python\Python311\Scripts\;C:\Users\OS\AppData\Local\Programs\Python\Python311\;C:\Users\OS\AppData\Local\Microsoft\WindowsApps;C:\Users\OS\AppData\Roaming\npm;C:\Users\OS\AppData\Local\Programs\Microsoft VS Code\bin;C:\Users\OS\AppData\Local\Programs\Python\Python310;;C:\Windows\System32;;.]
22:24:10.062 [restartedMain] INFO  o.a.c.c.C.[.[.[/] - [log,173] - Initializing Spring embedded WebApplicationContext
22:24:11.920 [restartedMain] INFO  o.a.s.c.e.EhCacheManager - [getCache,169] - Using existing EHCache named [sys-dict]
22:24:12.787 [restartedMain] INFO  o.a.s.c.e.EhCacheManager - [getCache,169] - Using existing EHCache named [sys-dict]
22:24:13.366 [restartedMain] INFO  o.a.s.c.e.EhCacheManager - [getCache,169] - Using existing EHCache named [sys-dict]
22:24:14.031 [restartedMain] INFO  o.a.s.c.e.EhCacheManager - [getCache,169] - Using existing EHCache named [sys-dict]
22:24:14.149 [restartedMain] INFO  o.a.s.c.e.EhCacheManager - [getCache,169] - Using existing EHCache named [sys-dict]
22:24:14.265 [restartedMain] INFO  o.a.s.c.e.EhCacheManager - [getCache,169] - Using existing EHCache named [sys-dict]
22:24:14.378 [restartedMain] INFO  o.a.s.c.e.EhCacheManager - [getCache,169] - Using existing EHCache named [sys-dict]
22:24:14.489 [restartedMain] INFO  o.a.s.c.e.EhCacheManager - [getCache,169] - Using existing EHCache named [sys-dict]
22:24:14.676 [restartedMain] INFO  o.a.s.c.e.EhCacheManager - [getCache,169] - Using existing EHCache named [sys-dict]
22:24:14.775 [restartedMain] INFO  o.a.s.c.e.EhCacheManager - [getCache,169] - Using existing EHCache named [sys-dict]
22:24:15.228 [restartedMain] INFO  o.q.i.StdSchedulerFactory - [instantiate,1208] - Using default implementation for ThreadExecutor
22:24:15.250 [restartedMain] INFO  o.q.c.SchedulerSignalerImpl - [<init>,61] - Initialized Scheduler Signaller of type: class org.quartz.core.SchedulerSignalerImpl
22:24:15.250 [restartedMain] INFO  o.q.c.QuartzScheduler - [<init>,229] - Quartz Scheduler v.2.3.0 created.
22:24:15.263 [restartedMain] INFO  o.q.c.QuartzScheduler - [initialize,294] - Scheduler meta-data: Quartz Scheduler (v2.3.0) 'RuoyiScheduler' with instanceId 'DESKTOP-IFEAUMD1686065055232'
  Scheduler class: 'org.quartz.core.QuartzScheduler' - running locally.
  NOT STARTED.
  Currently in standby mode.
  Number of jobs executed: 0
  Using thread pool 'org.quartz.simpl.SimpleThreadPool' - with 20 threads.
  Using job-store 'org.springframework.scheduling.quartz.LocalDataSourceJobStore' - which supports persistence. and is clustered.

22:24:15.263 [restartedMain] INFO  o.q.i.StdSchedulerFactory - [instantiate,1362] - Quartz scheduler 'RuoyiScheduler' initialized from an externally provided properties instance.
22:24:15.263 [restartedMain] INFO  o.q.i.StdSchedulerFactory - [instantiate,1366] - Quartz scheduler version: 2.3.0
22:24:15.267 [restartedMain] INFO  o.q.c.QuartzScheduler - [setJobFactory,2287] - JobFactory set to: org.springframework.scheduling.quartz.AdaptableJobFactory@2db4b134
22:24:17.985 [restartedMain] INFO  o.q.c.QuartzScheduler - [shutdown,666] - Scheduler RuoyiScheduler_$_DESKTOP-IFEAUMD1686065055232 shutting down.
22:24:17.986 [restartedMain] INFO  o.q.c.QuartzScheduler - [standby,585] - Scheduler RuoyiScheduler_$_DESKTOP-IFEAUMD1686065055232 paused.
22:24:17.987 [restartedMain] INFO  o.q.c.QuartzScheduler - [shutdown,740] - Scheduler RuoyiScheduler_$_DESKTOP-IFEAUMD1686065055232 shutdown complete.
22:24:17.988 [restartedMain] INFO  sys-user - [shutdownAsyncManager,64] - ====Close background task task thread pool====
22:24:17.992 [restartedMain] INFO  sys-user - [shutdownEhCacheManager,77] - ====Turn off the cache====
22:24:18.021 [restartedMain] INFO  c.a.d.p.DruidDataSource - [close,1928] - {dataSource-1} closed
22:24:18.024 [restartedMain] INFO  o.a.c.c.StandardService - [log,173] - Stopping service [Tomcat]
